28-Jul-2025 21:40:49.419 INFO [main] org.apache.catalina.startup.VersionLoggerListener.log Server version name:   Apache Tomcat/11.0.9
28-Jul-2025 21:40:49.421 INFO [main] org.apache.catalina.startup.VersionLoggerListener.log Server built:          Jul 1 2025 20:39:04 UTC
28-Jul-2025 21:40:49.421 INFO [main] org.apache.catalina.startup.VersionLoggerListener.log Server version number: 11.0.9.0
28-Jul-2025 21:40:49.421 INFO [main] org.apache.catalina.startup.VersionLoggerListener.log OS Name:               Windows 11
28-Jul-2025 21:40:49.422 INFO [main] org.apache.catalina.startup.VersionLoggerListener.log OS Version:            10.0
28-Jul-2025 21:40:49.422 INFO [main] org.apache.catalina.startup.VersionLoggerListener.log Architecture:          amd64
28-Jul-2025 21:40:49.422 INFO [main] org.apache.catalina.startup.VersionLoggerListener.log Java Home:             C:\Program Files\Java\jdk-21
28-Jul-2025 21:40:49.422 INFO [main] org.apache.catalina.startup.VersionLoggerListener.log JVM Version:           21.0.8+12-LTS-250
28-Jul-2025 21:40:49.422 INFO [main] org.apache.catalina.startup.VersionLoggerListener.log JVM Vendor:            Oracle Corporation
28-Jul-2025 21:40:49.422 INFO [main] org.apache.catalina.startup.VersionLoggerListener.log CATALINA_BASE:         D:\TomCat1109\apache-tomcat-11.0.9
28-Jul-2025 21:40:49.422 INFO [main] org.apache.catalina.startup.VersionLoggerListener.log CATALINA_HOME:         D:\TomCat1109\apache-tomcat-11.0.9
28-Jul-2025 21:40:49.427 INFO [main] org.apache.catalina.startup.VersionLoggerListener.log Command line argument: -Djava.util.logging.config.file=D:\TomCat1109\apache-tomcat-11.0.9\conf\logging.properties
28-Jul-2025 21:40:49.427 INFO [main] org.apache.catalina.startup.VersionLoggerListener.log Command line argument: -Djava.util.logging.manager=org.apache.juli.ClassLoaderLogManager
28-Jul-2025 21:40:49.427 INFO [main] org.apache.catalina.startup.VersionLoggerListener.log Command line argument: -Djdk.tls.ephemeralDHKeySize=2048
28-Jul-2025 21:40:49.427 INFO [main] org.apache.catalina.startup.VersionLoggerListener.log Command line argument: --add-opens=java.base/java.lang=ALL-UNNAMED
28-Jul-2025 21:40:49.427 INFO [main] org.apache.catalina.startup.VersionLoggerListener.log Command line argument: --add-opens=java.base/java.lang.reflect=ALL-UNNAMED
28-Jul-2025 21:40:49.427 INFO [main] org.apache.catalina.startup.VersionLoggerListener.log Command line argument: --add-opens=java.base/java.io=ALL-UNNAMED
28-Jul-2025 21:40:49.427 INFO [main] org.apache.catalina.startup.VersionLoggerListener.log Command line argument: --add-opens=java.base/java.util=ALL-UNNAMED
28-Jul-2025 21:40:49.427 INFO [main] org.apache.catalina.startup.VersionLoggerListener.log Command line argument: --add-opens=java.base/java.util.concurrent=ALL-UNNAMED
28-Jul-2025 21:40:49.427 INFO [main] org.apache.catalina.startup.VersionLoggerListener.log Command line argument: --add-opens=java.rmi/sun.rmi.transport=ALL-UNNAMED
28-Jul-2025 21:40:49.427 INFO [main] org.apache.catalina.startup.VersionLoggerListener.log Command line argument: --enable-native-access=ALL-UNNAMED
28-Jul-2025 21:40:49.427 INFO [main] org.apache.catalina.startup.VersionLoggerListener.log Command line argument: -Dcatalina.base=D:\TomCat1109\apache-tomcat-11.0.9
28-Jul-2025 21:40:49.427 INFO [main] org.apache.catalina.startup.VersionLoggerListener.log Command line argument: -Dcatalina.home=D:\TomCat1109\apache-tomcat-11.0.9
28-Jul-2025 21:40:49.427 INFO [main] org.apache.catalina.startup.VersionLoggerListener.log Command line argument: -Djava.io.tmpdir=D:\TomCat1109\apache-tomcat-11.0.9\temp
28-Jul-2025 21:40:49.856 INFO [main] org.apache.catalina.core.AprLifecycleListener.lifecycleEvent Loaded Apache Tomcat Native library [2.0.9] using APR version [1.7.6].
28-Jul-2025 21:40:49.860 INFO [main] org.apache.catalina.core.AprLifecycleListener.initializeSSL OpenSSL successfully initialized [OpenSSL 3.5.0 8 Apr 2025]
28-Jul-2025 21:40:50.014 INFO [main] org.apache.coyote.AbstractProtocol.init Initializing ProtocolHandler ["http-nio-8081"]
28-Jul-2025 21:40:50.030 INFO [main] org.apache.catalina.startup.Catalina.load Server initialization in [728] milliseconds
28-Jul-2025 21:40:50.081 INFO [main] org.apache.catalina.core.StandardService.startInternal Starting service [Catalina]
28-Jul-2025 21:40:50.081 INFO [main] org.apache.catalina.core.StandardEngine.startInternal Starting Servlet engine: [Apache Tomcat/11.0.9]
28-Jul-2025 21:40:50.086 INFO [main] org.apache.catalina.startup.HostConfig.deployDescriptor Deploying deployment descriptor [D:\TomCat1109\apache-tomcat-11.0.9\conf\Catalina\localhost\test6.xml]
28-Jul-2025 21:40:50.094 WARNING [main] org.apache.catalina.startup.HostConfig.deployDescriptor The path attribute with value [/test6] in deployment descriptor [D:\TomCat1109\apache-tomcat-11.0.9\conf\Catalina\localhost\test6.xml] has been ignored
28-Jul-2025 21:40:50.117 SEVERE [main] org.apache.catalina.startup.HostConfig.deployDescriptor Error deploying deployment descriptor [D:\TomCat1109\apache-tomcat-11.0.9\conf\Catalina\localhost\test6.xml]
	java.lang.IllegalStateException: Error starting child
		at org.apache.catalina.core.ContainerBase.addChild(ContainerBase.java:569)
		at org.apache.catalina.core.StandardHost.addChild(StandardHost.java:652)
		at org.apache.catalina.startup.HostConfig.deployDescriptor(HostConfig.java:593)
		at org.apache.catalina.startup.HostConfig$DeployDescriptor.run(HostConfig.java:1831)
		at java.base/java.util.concurrent.Executors$RunnableAdapter.call(Executors.java:572)
		at java.base/java.util.concurrent.FutureTask.run(FutureTask.java:317)
		at org.apache.tomcat.util.threads.InlineExecutorService.execute(InlineExecutorService.java:75)
		at java.base/java.util.concurrent.AbstractExecutorService.submit(AbstractExecutorService.java:123)
		at org.apache.catalina.startup.HostConfig.deployDescriptors(HostConfig.java:488)
		at org.apache.catalina.startup.HostConfig.deployApps(HostConfig.java:379)
		at org.apache.catalina.startup.HostConfig.start(HostConfig.java:1582)
		at org.apache.catalina.startup.HostConfig.lifecycleEvent(HostConfig.java:265)
		at org.apache.catalina.util.LifecycleBase.fireLifecycleEvent(LifecycleBase.java:109)
		at org.apache.catalina.util.LifecycleBase.setStateInternal(LifecycleBase.java:389)
		at org.apache.catalina.util.LifecycleBase.setState(LifecycleBase.java:336)
		at org.apache.catalina.core.ContainerBase.startInternal(ContainerBase.java:743)
		at org.apache.catalina.core.StandardHost.startInternal(StandardHost.java:769)
		at org.apache.catalina.util.LifecycleBase.start(LifecycleBase.java:164)
		at org.apache.catalina.core.ContainerBase$StartChild.call(ContainerBase.java:1164)
		at org.apache.catalina.core.ContainerBase$StartChild.call(ContainerBase.java:1160)
		at java.base/java.util.concurrent.FutureTask.run(FutureTask.java:317)
		at org.apache.tomcat.util.threads.InlineExecutorService.execute(InlineExecutorService.java:75)
		at java.base/java.util.concurrent.AbstractExecutorService.submit(AbstractExecutorService.java:145)
		at org.apache.catalina.core.ContainerBase.startInternal(ContainerBase.java:716)
		at org.apache.catalina.core.StandardEngine.startInternal(StandardEngine.java:203)
		at org.apache.catalina.util.LifecycleBase.start(LifecycleBase.java:164)
		at org.apache.catalina.core.StandardService.startInternal(StandardService.java:412)
		at org.apache.catalina.util.LifecycleBase.start(LifecycleBase.java:164)
		at org.apache.catalina.core.StandardServer.startInternal(StandardServer.java:866)
		at org.apache.catalina.util.LifecycleBase.start(LifecycleBase.java:164)
		at org.apache.catalina.startup.Catalina.start(Catalina.java:759)
		at java.base/jdk.internal.reflect.DirectMethodHandleAccessor.invoke(DirectMethodHandleAccessor.java:103)
		at java.base/java.lang.reflect.Method.invoke(Method.java:580)
		at org.apache.catalina.startup.Bootstrap.start(Bootstrap.java:342)
		at org.apache.catalina.startup.Bootstrap.main(Bootstrap.java:473)
	Caused by: org.apache.catalina.LifecycleException: Failed to start component [org.apache.catalina.webresources.StandardRoot@34b9f960]
		at org.apache.catalina.util.LifecycleBase.handleSubClassException(LifecycleBase.java:406)
		at org.apache.catalina.util.LifecycleBase.start(LifecycleBase.java:179)
		at org.apache.catalina.core.StandardContext.resourcesStart(StandardContext.java:4127)
		at org.apache.catalina.core.StandardContext.startInternal(StandardContext.java:4249)
		at org.apache.catalina.util.LifecycleBase.start(LifecycleBase.java:164)
		at org.apache.catalina.core.ContainerBase.addChild(ContainerBase.java:566)
		... 34 more
	Caused by: java.lang.IllegalArgumentException: The main resource set specified [C:\Users\pramp\OneDrive\Documentos\NetBeansProjects\test6\build\web] is not a directory or war file, or is not readable (it does not exist or permissions to access it are missing)
		at org.apache.catalina.webresources.StandardRoot.createMainResourceSet(StandardRoot.java:749)
		at org.apache.catalina.webresources.StandardRoot.startInternal(StandardRoot.java:706)
		at org.apache.catalina.util.LifecycleBase.start(LifecycleBase.java:164)
		... 38 more
28-Jul-2025 21:40:50.173 INFO [main] org.apache.catalina.startup.HostConfig.deployDescriptor Deployment of deployment descriptor [D:\TomCat1109\apache-tomcat-11.0.9\conf\Catalina\localhost\test6.xml] has finished in [86] ms
28-Jul-2025 21:40:50.173 INFO [main] org.apache.catalina.startup.HostConfig.deployDescriptor Deploying deployment descriptor [D:\TomCat1109\apache-tomcat-11.0.9\conf\Catalina\localhost\WebApplication1.xml]
28-Jul-2025 21:40:50.174 WARNING [main] org.apache.catalina.startup.HostConfig.deployDescriptor The path attribute with value [/WebApplication1] in deployment descriptor [D:\TomCat1109\apache-tomcat-11.0.9\conf\Catalina\localhost\WebApplication1.xml] has been ignored
28-Jul-2025 21:40:50.367 INFO [main] org.apache.catalina.startup.HostConfig.deployDescriptor Deployment of deployment descriptor [D:\TomCat1109\apache-tomcat-11.0.9\conf\Catalina\localhost\WebApplication1.xml] has finished in [194] ms
28-Jul-2025 21:40:50.368 INFO [main] org.apache.catalina.startup.HostConfig.deployDirectory Diretório de instalação da aplicação web [D:\TomCat1109\apache-tomcat-11.0.9\webapps\docs]
28-Jul-2025 21:40:50.386 INFO [main] org.apache.catalina.startup.HostConfig.deployDirectory Deployment of web application directory [D:\TomCat1109\apache-tomcat-11.0.9\webapps\docs] has finished in [18] ms
28-Jul-2025 21:40:50.386 INFO [main] org.apache.catalina.startup.HostConfig.deployDirectory Diretório de instalação da aplicação web [D:\TomCat1109\apache-tomcat-11.0.9\webapps\examples]
28-Jul-2025 21:40:51.117 INFO [main] org.apache.catalina.startup.HostConfig.deployDirectory Deployment of web application directory [D:\TomCat1109\apache-tomcat-11.0.9\webapps\examples] has finished in [731] ms
28-Jul-2025 21:40:51.117 INFO [main] org.apache.catalina.startup.HostConfig.deployDirectory Diretório de instalação da aplicação web [D:\TomCat1109\apache-tomcat-11.0.9\webapps\host-manager]
28-Jul-2025 21:40:51.136 INFO [main] org.apache.catalina.startup.HostConfig.deployDirectory Deployment of web application directory [D:\TomCat1109\apache-tomcat-11.0.9\webapps\host-manager] has finished in [18] ms
28-Jul-2025 21:40:51.136 INFO [main] org.apache.catalina.startup.HostConfig.deployDirectory Diretório de instalação da aplicação web [D:\TomCat1109\apache-tomcat-11.0.9\webapps\manager]
28-Jul-2025 21:40:51.152 INFO [main] org.apache.catalina.startup.HostConfig.deployDirectory Deployment of web application directory [D:\TomCat1109\apache-tomcat-11.0.9\webapps\manager] has finished in [16] ms
28-Jul-2025 21:40:51.152 INFO [main] org.apache.catalina.startup.HostConfig.deployDirectory Diretório de instalação da aplicação web [D:\TomCat1109\apache-tomcat-11.0.9\webapps\ROOT]
28-Jul-2025 21:40:51.165 INFO [main] org.apache.catalina.startup.HostConfig.deployDirectory Deployment of web application directory [D:\TomCat1109\apache-tomcat-11.0.9\webapps\ROOT] has finished in [13] ms
28-Jul-2025 21:40:51.171 INFO [main] org.apache.coyote.AbstractProtocol.start Starting ProtocolHandler ["http-nio-8081"]
28-Jul-2025 21:40:51.190 INFO [main] org.apache.catalina.startup.Catalina.start Server startup in [1158] milliseconds
28-Jul-2025 21:40:57.662 INFO [http-nio-8081-exec-9] org.apache.catalina.startup.HostConfig.deployDescriptor Deploying deployment descriptor [D:\TomCat1109\apache-tomcat-11.0.9\conf\Catalina\localhost\JPATest3.xml]
28-Jul-2025 21:40:57.662 WARNING [http-nio-8081-exec-9] org.apache.catalina.startup.HostConfig.deployDescriptor The path attribute with value [/JPATest3] in deployment descriptor [D:\TomCat1109\apache-tomcat-11.0.9\conf\Catalina\localhost\JPATest3.xml] has been ignored
28-Jul-2025 21:40:57.678 INFO [http-nio-8081-exec-9] org.apache.catalina.startup.HostConfig.deployDescriptor Deployment of deployment descriptor [D:\TomCat1109\apache-tomcat-11.0.9\conf\Catalina\localhost\JPATest3.xml] has finished in [16] ms
28-Jul-2025 21:40:57.681 INFO [http-nio-8081-exec-10] org.apache.catalina.util.LifecycleBase.start The start() method was called on component [StandardEngine[Catalina].StandardHost[localhost].StandardContext[/JPATest3]] after start() had already been called. The second call will be ignored.
28-Jul-2025 21:41:16.058 INFO [http-nio-8081-exec-9] org.apache.catalina.core.StandardContext.reload Reloading Context with name [/JPATest3] has started
28-Jul-2025 21:41:16.170 INFO [http-nio-8081-exec-9] org.apache.jasper.servlet.TldScanner.scanJars At least one JAR was scanned for TLDs yet contained no TLDs. Enable debug logging for this logger for a complete list of JARs that were scanned but no TLDs were found in them. Skipping unneeded JARs during scanning can improve startup time and JSP compilation time.
28-Jul-2025 21:41:16.171 INFO [http-nio-8081-exec-9] org.apache.catalina.core.StandardContext.reload Reloading Context with name [/JPATest3] is completed
28-Jul-2025 21:41:21.514 INFO [http-nio-8081-exec-7] org.apache.catalina.core.StandardContext.reload Reloading Context with name [/JPATest3] has started
28-Jul-2025 21:41:21.588 INFO [http-nio-8081-exec-7] org.apache.jasper.servlet.TldScanner.scanJars At least one JAR was scanned for TLDs yet contained no TLDs. Enable debug logging for this logger for a complete list of JARs that were scanned but no TLDs were found in them. Skipping unneeded JARs during scanning can improve startup time and JSP compilation time.
28-Jul-2025 21:41:21.590 INFO [http-nio-8081-exec-7] org.apache.catalina.core.StandardContext.reload Reloading Context with name [/JPATest3] is completed
28-Jul-2025 21:41:49.985 INFO [http-nio-8081-exec-7] org.apache.catalina.core.StandardContext.reload Reloading Context with name [/JPATest3] has started
28-Jul-2025 21:41:50.466 INFO [http-nio-8081-exec-7] org.apache.jasper.servlet.TldScanner.scanJars At least one JAR was scanned for TLDs yet contained no TLDs. Enable debug logging for this logger for a complete list of JARs that were scanned but no TLDs were found in them. Skipping unneeded JARs during scanning can improve startup time and JSP compilation time.
28-Jul-2025 21:41:50.468 INFO [http-nio-8081-exec-7] org.apache.catalina.core.StandardContext.reload Reloading Context with name [/JPATest3] is completed
28-Jul-2025 21:41:50.819 INFO [http-nio-8081-exec-15] org.apache.catalina.core.StandardContext.reload Reloading Context with name [/JPATest3] has started
28-Jul-2025 21:41:51.273 INFO [http-nio-8081-exec-15] org.apache.jasper.servlet.TldScanner.scanJars At least one JAR was scanned for TLDs yet contained no TLDs. Enable debug logging for this logger for a complete list of JARs that were scanned but no TLDs were found in them. Skipping unneeded JARs during scanning can improve startup time and JSP compilation time.
28-Jul-2025 21:41:51.275 INFO [http-nio-8081-exec-15] org.apache.catalina.core.StandardContext.reload Reloading Context with name [/JPATest3] is completed
28-Jul-2025 21:42:01.537 INFO [http-nio-8081-exec-7] org.apache.jasper.servlet.TldScanner.scanJars At least one JAR was scanned for TLDs yet contained no TLDs. Enable debug logging for this logger for a complete list of JARs that were scanned but no TLDs were found in them. Skipping unneeded JARs during scanning can improve startup time and JSP compilation time.
28-Jul-2025 21:42:50.039 INFO [http-nio-8081-exec-5] org.apache.catalina.core.StandardContext.reload Reloading Context with name [/JPATest3] has started
28-Jul-2025 21:42:50.544 INFO [http-nio-8081-exec-5] org.apache.jasper.servlet.TldScanner.scanJars At least one JAR was scanned for TLDs yet contained no TLDs. Enable debug logging for this logger for a complete list of JARs that were scanned but no TLDs were found in them. Skipping unneeded JARs during scanning can improve startup time and JSP compilation time.
28-Jul-2025 21:42:50.545 INFO [http-nio-8081-exec-5] org.apache.catalina.core.StandardContext.reload Reloading Context with name [/JPATest3] is completed
28-Jul-2025 21:42:50.639 INFO [http-nio-8081-exec-19] org.apache.catalina.core.StandardContext.reload Reloading Context with name [/JPATest3] has started
28-Jul-2025 21:42:51.069 INFO [http-nio-8081-exec-19] org.apache.jasper.servlet.TldScanner.scanJars At least one JAR was scanned for TLDs yet contained no TLDs. Enable debug logging for this logger for a complete list of JARs that were scanned but no TLDs were found in them. Skipping unneeded JARs during scanning can improve startup time and JSP compilation time.
28-Jul-2025 21:42:51.070 INFO [http-nio-8081-exec-19] org.apache.catalina.core.StandardContext.reload Reloading Context with name [/JPATest3] is completed
28-Jul-2025 21:42:56.295 INFO [http-nio-8081-exec-20] org.apache.jasper.servlet.TldScanner.scanJars At least one JAR was scanned for TLDs yet contained no TLDs. Enable debug logging for this logger for a complete list of JARs that were scanned but no TLDs were found in them. Skipping unneeded JARs during scanning can improve startup time and JSP compilation time.
28-Jul-2025 21:43:11.731 INFO [http-nio-8081-exec-7] org.apache.catalina.core.StandardContext.reload Reloading Context with name [/JPATest3] has started
28-Jul-2025 21:43:12.154 INFO [http-nio-8081-exec-7] org.apache.jasper.servlet.TldScanner.scanJars At least one JAR was scanned for TLDs yet contained no TLDs. Enable debug logging for this logger for a complete list of JARs that were scanned but no TLDs were found in them. Skipping unneeded JARs during scanning can improve startup time and JSP compilation time.
28-Jul-2025 21:43:12.155 INFO [http-nio-8081-exec-7] org.apache.catalina.core.StandardContext.reload Reloading Context with name [/JPATest3] is completed
28-Jul-2025 21:43:30.068 INFO [http-nio-8081-exec-27] org.apache.catalina.core.StandardContext.reload Reloading Context with name [/JPATest3] has started
28-Jul-2025 21:43:31.318 INFO [http-nio-8081-exec-27] org.apache.jasper.servlet.TldScanner.scanJars At least one JAR was scanned for TLDs yet contained no TLDs. Enable debug logging for this logger for a complete list of JARs that were scanned but no TLDs were found in them. Skipping unneeded JARs during scanning can improve startup time and JSP compilation time.
28-Jul-2025 21:43:31.319 INFO [http-nio-8081-exec-27] org.apache.catalina.core.StandardContext.reload Reloading Context with name [/JPATest3] is completed
28-Jul-2025 21:43:31.644 INFO [http-nio-8081-exec-20] org.apache.catalina.core.StandardContext.reload Reloading Context with name [/JPATest3] has started
28-Jul-2025 21:43:32.104 INFO [http-nio-8081-exec-20] org.apache.jasper.servlet.TldScanner.scanJars At least one JAR was scanned for TLDs yet contained no TLDs. Enable debug logging for this logger for a complete list of JARs that were scanned but no TLDs were found in them. Skipping unneeded JARs during scanning can improve startup time and JSP compilation time.
28-Jul-2025 21:43:32.105 INFO [http-nio-8081-exec-20] org.apache.catalina.core.StandardContext.reload Reloading Context with name [/JPATest3] is completed
28-Jul-2025 21:44:14.620 INFO [http-nio-8081-exec-7] org.apache.catalina.core.StandardContext.reload Reloading Context with name [/JPATest3] has started
28-Jul-2025 21:44:15.047 INFO [http-nio-8081-exec-7] org.apache.jasper.servlet.TldScanner.scanJars At least one JAR was scanned for TLDs yet contained no TLDs. Enable debug logging for this logger for a complete list of JARs that were scanned but no TLDs were found in them. Skipping unneeded JARs during scanning can improve startup time and JSP compilation time.
28-Jul-2025 21:44:15.048 INFO [http-nio-8081-exec-7] org.apache.catalina.core.StandardContext.reload Reloading Context with name [/JPATest3] is completed
28-Jul-2025 21:44:15.367 INFO [http-nio-8081-exec-25] org.apache.catalina.core.StandardContext.reload Reloading Context with name [/JPATest3] has started
28-Jul-2025 21:44:15.803 INFO [http-nio-8081-exec-25] org.apache.jasper.servlet.TldScanner.scanJars At least one JAR was scanned for TLDs yet contained no TLDs. Enable debug logging for this logger for a complete list of JARs that were scanned but no TLDs were found in them. Skipping unneeded JARs during scanning can improve startup time and JSP compilation time.
28-Jul-2025 21:44:15.804 INFO [http-nio-8081-exec-25] org.apache.catalina.core.StandardContext.reload Reloading Context with name [/JPATest3] is completed
28-Jul-2025 21:44:35.052 INFO [http-nio-8081-exec-31] org.apache.catalina.core.StandardContext.reload Reloading Context with name [/JPATest3] has started
28-Jul-2025 21:44:36.823 INFO [http-nio-8081-exec-31] org.apache.jasper.servlet.TldScanner.scanJars At least one JAR was scanned for TLDs yet contained no TLDs. Enable debug logging for this logger for a complete list of JARs that were scanned but no TLDs were found in them. Skipping unneeded JARs during scanning can improve startup time and JSP compilation time.
28-Jul-2025 21:44:36.824 INFO [http-nio-8081-exec-31] org.apache.catalina.core.StandardContext.reload Reloading Context with name [/JPATest3] is completed
28-Jul-2025 21:44:58.330 INFO [http-nio-8081-exec-7] org.apache.catalina.core.StandardContext.reload Reloading Context with name [/JPATest3] has started
28-Jul-2025 21:44:58.744 INFO [http-nio-8081-exec-7] org.apache.jasper.servlet.TldScanner.scanJars At least one JAR was scanned for TLDs yet contained no TLDs. Enable debug logging for this logger for a complete list of JARs that were scanned but no TLDs were found in them. Skipping unneeded JARs during scanning can improve startup time and JSP compilation time.
28-Jul-2025 21:44:58.746 INFO [http-nio-8081-exec-7] org.apache.catalina.core.StandardContext.reload Reloading Context with name [/JPATest3] is completed
28-Jul-2025 21:46:44.736 INFO [http-nio-8081-exec-39] org.apache.catalina.core.StandardContext.reload Reloading Context with name [/JPATest3] has started
28-Jul-2025 21:46:44.738 WARNING [http-nio-8081-exec-39] org.apache.catalina.loader.WebappClassLoaderBase.clearReferencesJdbc The web application [JPATest3] registered the JDBC driver [org.postgresql.Driver] but failed to unregister it when the web application was stopped. To prevent a memory leak, the JDBC Driver has been forcibly unregistered.
28-Jul-2025 21:46:45.174 INFO [http-nio-8081-exec-39] org.apache.jasper.servlet.TldScanner.scanJars At least one JAR was scanned for TLDs yet contained no TLDs. Enable debug logging for this logger for a complete list of JARs that were scanned but no TLDs were found in them. Skipping unneeded JARs during scanning can improve startup time and JSP compilation time.
28-Jul-2025 21:46:45.176 INFO [http-nio-8081-exec-39] org.apache.catalina.core.StandardContext.reload Reloading Context with name [/JPATest3] is completed
28-Jul-2025 21:46:45.510 INFO [http-nio-8081-exec-34] org.apache.catalina.core.StandardContext.reload Reloading Context with name [/JPATest3] has started
28-Jul-2025 21:46:45.930 INFO [http-nio-8081-exec-34] org.apache.jasper.servlet.TldScanner.scanJars At least one JAR was scanned for TLDs yet contained no TLDs. Enable debug logging for this logger for a complete list of JARs that were scanned but no TLDs were found in them. Skipping unneeded JARs during scanning can improve startup time and JSP compilation time.
28-Jul-2025 21:46:45.932 INFO [http-nio-8081-exec-34] org.apache.catalina.core.StandardContext.reload Reloading Context with name [/JPATest3] is completed
28-Jul-2025 21:48:05.905 INFO [http-nio-8081-exec-36] org.apache.catalina.core.StandardContext.reload Reloading Context with name [/JPATest3] has started
28-Jul-2025 21:48:06.339 INFO [http-nio-8081-exec-36] org.apache.jasper.servlet.TldScanner.scanJars At least one JAR was scanned for TLDs yet contained no TLDs. Enable debug logging for this logger for a complete list of JARs that were scanned but no TLDs were found in them. Skipping unneeded JARs during scanning can improve startup time and JSP compilation time.
28-Jul-2025 21:48:06.340 INFO [http-nio-8081-exec-36] org.apache.catalina.core.StandardContext.reload Reloading Context with name [/JPATest3] is completed
28-Jul-2025 21:48:06.665 INFO [http-nio-8081-exec-41] org.apache.catalina.core.StandardContext.reload Reloading Context with name [/JPATest3] has started
28-Jul-2025 21:48:07.095 INFO [http-nio-8081-exec-41] org.apache.jasper.servlet.TldScanner.scanJars At least one JAR was scanned for TLDs yet contained no TLDs. Enable debug logging for this logger for a complete list of JARs that were scanned but no TLDs were found in them. Skipping unneeded JARs during scanning can improve startup time and JSP compilation time.
28-Jul-2025 21:48:07.096 INFO [http-nio-8081-exec-41] org.apache.catalina.core.StandardContext.reload Reloading Context with name [/JPATest3] is completed
28-Jul-2025 21:48:57.345 INFO [http-nio-8081-exec-45] org.apache.catalina.startup.HostConfig.undeploy Undeploying context [/JPATest3]
28-Jul-2025 21:49:11.930 INFO [http-nio-8081-exec-46] org.apache.catalina.startup.HostConfig.deployDescriptor Deploying deployment descriptor [D:\TomCat1109\apache-tomcat-11.0.9\conf\Catalina\localhost\JPATest3.xml]
28-Jul-2025 21:49:11.931 WARNING [http-nio-8081-exec-46] org.apache.catalina.startup.HostConfig.deployDescriptor The path attribute with value [/JPATest3] in deployment descriptor [D:\TomCat1109\apache-tomcat-11.0.9\conf\Catalina\localhost\JPATest3.xml] has been ignored
28-Jul-2025 21:49:12.327 INFO [http-nio-8081-exec-46] org.apache.jasper.servlet.TldScanner.scanJars At least one JAR was scanned for TLDs yet contained no TLDs. Enable debug logging for this logger for a complete list of JARs that were scanned but no TLDs were found in them. Skipping unneeded JARs during scanning can improve startup time and JSP compilation time.
28-Jul-2025 21:49:12.329 INFO [http-nio-8081-exec-46] org.apache.catalina.startup.HostConfig.deployDescriptor Deployment of deployment descriptor [D:\TomCat1109\apache-tomcat-11.0.9\conf\Catalina\localhost\JPATest3.xml] has finished in [397] ms
28-Jul-2025 21:49:12.331 INFO [http-nio-8081-exec-45] org.apache.catalina.util.LifecycleBase.start The start() method was called on component [StandardEngine[Catalina].StandardHost[localhost].StandardContext[/JPATest3]] after start() had already been called. The second call will be ignored.
28-Jul-2025 21:51:30.236 INFO [main] org.apache.catalina.core.StandardServer.await A valid shutdown command was received via the shutdown port. Stopping the Server instance.
28-Jul-2025 21:51:30.237 INFO [main] org.apache.coyote.AbstractProtocol.pause Pausing ProtocolHandler ["http-nio-8081"]
28-Jul-2025 21:51:30.240 INFO [main] org.apache.catalina.core.StandardService.stopInternal Stopping service [Catalina]
28-Jul-2025 21:51:30.242 WARNING [main] org.apache.catalina.loader.WebappClassLoaderBase.clearReferencesJdbc The web application [JPATest3] registered the JDBC driver [org.postgresql.Driver] but failed to unregister it when the web application was stopped. To prevent a memory leak, the JDBC Driver has been forcibly unregistered.
28-Jul-2025 21:51:30.246 INFO [main] org.apache.coyote.AbstractProtocol.stop Stopping ProtocolHandler ["http-nio-8081"]
28-Jul-2025 21:51:30.254 INFO [main] org.apache.coyote.AbstractProtocol.destroy Destroying ProtocolHandler ["http-nio-8081"]
