29-Jul-2025 12:06:04.086 INFO [main] org.apache.catalina.startup.VersionLoggerListener.log Server version name:   Apache Tomcat/11.0.9
29-Jul-2025 12:06:04.088 INFO [main] org.apache.catalina.startup.VersionLoggerListener.log Server built:          Jul 1 2025 20:39:04 UTC
29-Jul-2025 12:06:04.088 INFO [main] org.apache.catalina.startup.VersionLoggerListener.log Server version number: 11.0.9.0
29-Jul-2025 12:06:04.088 INFO [main] org.apache.catalina.startup.VersionLoggerListener.log OS Name:               Windows 11
29-Jul-2025 12:06:04.088 INFO [main] org.apache.catalina.startup.VersionLoggerListener.log OS Version:            10.0
29-Jul-2025 12:06:04.088 INFO [main] org.apache.catalina.startup.VersionLoggerListener.log Architecture:          amd64
29-Jul-2025 12:06:04.088 INFO [main] org.apache.catalina.startup.VersionLoggerListener.log Java Home:             C:\Program Files\Java\jdk-21
29-Jul-2025 12:06:04.088 INFO [main] org.apache.catalina.startup.VersionLoggerListener.log JVM Version:           21.0.8+12-LTS-250
29-Jul-2025 12:06:04.088 INFO [main] org.apache.catalina.startup.VersionLoggerListener.log JVM Vendor:            Oracle Corporation
29-Jul-2025 12:06:04.089 INFO [main] org.apache.catalina.startup.VersionLoggerListener.log CATALINA_BASE:         D:\TomCat1109\apache-tomcat-11.0.9
29-Jul-2025 12:06:04.089 INFO [main] org.apache.catalina.startup.VersionLoggerListener.log CATALINA_HOME:         D:\TomCat1109\apache-tomcat-11.0.9
29-Jul-2025 12:06:04.094 INFO [main] org.apache.catalina.startup.VersionLoggerListener.log Command line argument: -Djava.util.logging.config.file=D:\TomCat1109\apache-tomcat-11.0.9\conf\logging.properties
29-Jul-2025 12:06:04.094 INFO [main] org.apache.catalina.startup.VersionLoggerListener.log Command line argument: -Djava.util.logging.manager=org.apache.juli.ClassLoaderLogManager
29-Jul-2025 12:06:04.094 INFO [main] org.apache.catalina.startup.VersionLoggerListener.log Command line argument: -Djdk.tls.ephemeralDHKeySize=2048
29-Jul-2025 12:06:04.094 INFO [main] org.apache.catalina.startup.VersionLoggerListener.log Command line argument: --add-opens=java.base/java.lang=ALL-UNNAMED
29-Jul-2025 12:06:04.094 INFO [main] org.apache.catalina.startup.VersionLoggerListener.log Command line argument: --add-opens=java.base/java.lang.reflect=ALL-UNNAMED
29-Jul-2025 12:06:04.094 INFO [main] org.apache.catalina.startup.VersionLoggerListener.log Command line argument: --add-opens=java.base/java.io=ALL-UNNAMED
29-Jul-2025 12:06:04.094 INFO [main] org.apache.catalina.startup.VersionLoggerListener.log Command line argument: --add-opens=java.base/java.util=ALL-UNNAMED
29-Jul-2025 12:06:04.094 INFO [main] org.apache.catalina.startup.VersionLoggerListener.log Command line argument: --add-opens=java.base/java.util.concurrent=ALL-UNNAMED
29-Jul-2025 12:06:04.094 INFO [main] org.apache.catalina.startup.VersionLoggerListener.log Command line argument: --add-opens=java.rmi/sun.rmi.transport=ALL-UNNAMED
29-Jul-2025 12:06:04.094 INFO [main] org.apache.catalina.startup.VersionLoggerListener.log Command line argument: --enable-native-access=ALL-UNNAMED
29-Jul-2025 12:06:04.095 INFO [main] org.apache.catalina.startup.VersionLoggerListener.log Command line argument: -Dcatalina.base=D:\TomCat1109\apache-tomcat-11.0.9
29-Jul-2025 12:06:04.095 INFO [main] org.apache.catalina.startup.VersionLoggerListener.log Command line argument: -Dcatalina.home=D:\TomCat1109\apache-tomcat-11.0.9
29-Jul-2025 12:06:04.095 INFO [main] org.apache.catalina.startup.VersionLoggerListener.log Command line argument: -Djava.io.tmpdir=D:\TomCat1109\apache-tomcat-11.0.9\temp
29-Jul-2025 12:06:04.456 INFO [main] org.apache.catalina.core.AprLifecycleListener.lifecycleEvent Loaded Apache Tomcat Native library [2.0.9] using APR version [1.7.6].
29-Jul-2025 12:06:04.459 INFO [main] org.apache.catalina.core.AprLifecycleListener.initializeSSL OpenSSL successfully initialized [OpenSSL 3.5.0 8 Apr 2025]
29-Jul-2025 12:06:04.609 INFO [main] org.apache.coyote.AbstractProtocol.init Initializing ProtocolHandler ["http-nio-8081"]
29-Jul-2025 12:06:04.624 INFO [main] org.apache.catalina.startup.Catalina.load Server initialization in [663] milliseconds
29-Jul-2025 12:06:04.667 INFO [main] org.apache.catalina.core.StandardService.startInternal Starting service [Catalina]
29-Jul-2025 12:06:04.668 INFO [main] org.apache.catalina.core.StandardEngine.startInternal Starting Servlet engine: [Apache Tomcat/11.0.9]
29-Jul-2025 12:06:04.673 INFO [main] org.apache.catalina.startup.HostConfig.deployDescriptor Deploying deployment descriptor [D:\TomCat1109\apache-tomcat-11.0.9\conf\Catalina\localhost\JPATest3.xml]
29-Jul-2025 12:06:04.681 WARNING [main] org.apache.catalina.startup.HostConfig.deployDescriptor The path attribute with value [/JPATest3] in deployment descriptor [D:\TomCat1109\apache-tomcat-11.0.9\conf\Catalina\localhost\JPATest3.xml] has been ignored
29-Jul-2025 12:06:05.434 INFO [main] org.apache.jasper.servlet.TldScanner.scanJars At least one JAR was scanned for TLDs yet contained no TLDs. Enable debug logging for this logger for a complete list of JARs that were scanned but no TLDs were found in them. Skipping unneeded JARs during scanning can improve startup time and JSP compilation time.
29-Jul-2025 12:06:05.466 INFO [main] org.apache.catalina.startup.HostConfig.deployDescriptor Deployment of deployment descriptor [D:\TomCat1109\apache-tomcat-11.0.9\conf\Catalina\localhost\JPATest3.xml] has finished in [791] ms
29-Jul-2025 12:06:05.467 INFO [main] org.apache.catalina.startup.HostConfig.deployDescriptor Deploying deployment descriptor [D:\TomCat1109\apache-tomcat-11.0.9\conf\Catalina\localhost\test6.xml]
29-Jul-2025 12:06:05.467 WARNING [main] org.apache.catalina.startup.HostConfig.deployDescriptor The path attribute with value [/test6] in deployment descriptor [D:\TomCat1109\apache-tomcat-11.0.9\conf\Catalina\localhost\test6.xml] has been ignored
29-Jul-2025 12:06:05.470 SEVERE [main] org.apache.catalina.startup.HostConfig.deployDescriptor Error deploying deployment descriptor [D:\TomCat1109\apache-tomcat-11.0.9\conf\Catalina\localhost\test6.xml]
	java.lang.IllegalStateException: Error starting child
		at org.apache.catalina.core.ContainerBase.addChild(ContainerBase.java:569)
		at org.apache.catalina.core.StandardHost.addChild(StandardHost.java:652)
		at org.apache.catalina.startup.HostConfig.deployDescriptor(HostConfig.java:593)
		at org.apache.catalina.startup.HostConfig$DeployDescriptor.run(HostConfig.java:1831)
		at java.base/java.util.concurrent.Executors$RunnableAdapter.call(Executors.java:572)
		at java.base/java.util.concurrent.FutureTask.run(FutureTask.java:317)
		at org.apache.tomcat.util.threads.InlineExecutorService.execute(InlineExecutorService.java:75)
		at java.base/java.util.concurrent.AbstractExecutorService.submit(AbstractExecutorService.java:123)
		at org.apache.catalina.startup.HostConfig.deployDescriptors(HostConfig.java:488)
		at org.apache.catalina.startup.HostConfig.deployApps(HostConfig.java:379)
		at org.apache.catalina.startup.HostConfig.start(HostConfig.java:1582)
		at org.apache.catalina.startup.HostConfig.lifecycleEvent(HostConfig.java:265)
		at org.apache.catalina.util.LifecycleBase.fireLifecycleEvent(LifecycleBase.java:109)
		at org.apache.catalina.util.LifecycleBase.setStateInternal(LifecycleBase.java:389)
		at org.apache.catalina.util.LifecycleBase.setState(LifecycleBase.java:336)
		at org.apache.catalina.core.ContainerBase.startInternal(ContainerBase.java:743)
		at org.apache.catalina.core.StandardHost.startInternal(StandardHost.java:769)
		at org.apache.catalina.util.LifecycleBase.start(LifecycleBase.java:164)
		at org.apache.catalina.core.ContainerBase$StartChild.call(ContainerBase.java:1164)
		at org.apache.catalina.core.ContainerBase$StartChild.call(ContainerBase.java:1160)
		at java.base/java.util.concurrent.FutureTask.run(FutureTask.java:317)
		at org.apache.tomcat.util.threads.InlineExecutorService.execute(InlineExecutorService.java:75)
		at java.base/java.util.concurrent.AbstractExecutorService.submit(AbstractExecutorService.java:145)
		at org.apache.catalina.core.ContainerBase.startInternal(ContainerBase.java:716)
		at org.apache.catalina.core.StandardEngine.startInternal(StandardEngine.java:203)
		at org.apache.catalina.util.LifecycleBase.start(LifecycleBase.java:164)
		at org.apache.catalina.core.StandardService.startInternal(StandardService.java:412)
		at org.apache.catalina.util.LifecycleBase.start(LifecycleBase.java:164)
		at org.apache.catalina.core.StandardServer.startInternal(StandardServer.java:866)
		at org.apache.catalina.util.LifecycleBase.start(LifecycleBase.java:164)
		at org.apache.catalina.startup.Catalina.start(Catalina.java:759)
		at java.base/jdk.internal.reflect.DirectMethodHandleAccessor.invoke(DirectMethodHandleAccessor.java:103)
		at java.base/java.lang.reflect.Method.invoke(Method.java:580)
		at org.apache.catalina.startup.Bootstrap.start(Bootstrap.java:342)
		at org.apache.catalina.startup.Bootstrap.main(Bootstrap.java:473)
	Caused by: org.apache.catalina.LifecycleException: Failed to start component [org.apache.catalina.webresources.StandardRoot@23121d14]
		at org.apache.catalina.util.LifecycleBase.handleSubClassException(LifecycleBase.java:406)
		at org.apache.catalina.util.LifecycleBase.start(LifecycleBase.java:179)
		at org.apache.catalina.core.StandardContext.resourcesStart(StandardContext.java:4127)
		at org.apache.catalina.core.StandardContext.startInternal(StandardContext.java:4249)
		at org.apache.catalina.util.LifecycleBase.start(LifecycleBase.java:164)
		at org.apache.catalina.core.ContainerBase.addChild(ContainerBase.java:566)
		... 34 more
	Caused by: java.lang.IllegalArgumentException: The main resource set specified [C:\Users\pramp\OneDrive\Documentos\NetBeansProjects\test6\build\web] is not a directory or war file, or is not readable (it does not exist or permissions to access it are missing)
		at org.apache.catalina.webresources.StandardRoot.createMainResourceSet(StandardRoot.java:749)
		at org.apache.catalina.webresources.StandardRoot.startInternal(StandardRoot.java:706)
		at org.apache.catalina.util.LifecycleBase.start(LifecycleBase.java:164)
		... 38 more
29-Jul-2025 12:06:05.516 INFO [main] org.apache.catalina.startup.HostConfig.deployDescriptor Deployment of deployment descriptor [D:\TomCat1109\apache-tomcat-11.0.9\conf\Catalina\localhost\test6.xml] has finished in [48] ms
29-Jul-2025 12:06:05.516 INFO [main] org.apache.catalina.startup.HostConfig.deployDescriptor Deploying deployment descriptor [D:\TomCat1109\apache-tomcat-11.0.9\conf\Catalina\localhost\WebApplication1.xml]
29-Jul-2025 12:06:05.517 WARNING [main] org.apache.catalina.startup.HostConfig.deployDescriptor The path attribute with value [/WebApplication1] in deployment descriptor [D:\TomCat1109\apache-tomcat-11.0.9\conf\Catalina\localhost\WebApplication1.xml] has been ignored
29-Jul-2025 12:06:05.534 INFO [main] org.apache.catalina.startup.HostConfig.deployDescriptor Deployment of deployment descriptor [D:\TomCat1109\apache-tomcat-11.0.9\conf\Catalina\localhost\WebApplication1.xml] has finished in [18] ms
29-Jul-2025 12:06:05.534 INFO [main] org.apache.catalina.startup.HostConfig.deployDirectory Diretório de instalação da aplicação web [D:\TomCat1109\apache-tomcat-11.0.9\webapps\docs]
29-Jul-2025 12:06:05.549 INFO [main] org.apache.catalina.startup.HostConfig.deployDirectory Deployment of web application directory [D:\TomCat1109\apache-tomcat-11.0.9\webapps\docs] has finished in [15] ms
29-Jul-2025 12:06:05.550 INFO [main] org.apache.catalina.startup.HostConfig.deployDirectory Diretório de instalação da aplicação web [D:\TomCat1109\apache-tomcat-11.0.9\webapps\examples]
29-Jul-2025 12:06:06.259 INFO [main] org.apache.catalina.startup.HostConfig.deployDirectory Deployment of web application directory [D:\TomCat1109\apache-tomcat-11.0.9\webapps\examples] has finished in [710] ms
29-Jul-2025 12:06:06.260 INFO [main] org.apache.catalina.startup.HostConfig.deployDirectory Diretório de instalação da aplicação web [D:\TomCat1109\apache-tomcat-11.0.9\webapps\host-manager]
29-Jul-2025 12:06:06.277 INFO [main] org.apache.catalina.startup.HostConfig.deployDirectory Deployment of web application directory [D:\TomCat1109\apache-tomcat-11.0.9\webapps\host-manager] has finished in [16] ms
29-Jul-2025 12:06:06.277 INFO [main] org.apache.catalina.startup.HostConfig.deployDirectory Diretório de instalação da aplicação web [D:\TomCat1109\apache-tomcat-11.0.9\webapps\manager]
29-Jul-2025 12:06:06.296 INFO [main] org.apache.catalina.startup.HostConfig.deployDirectory Deployment of web application directory [D:\TomCat1109\apache-tomcat-11.0.9\webapps\manager] has finished in [19] ms
29-Jul-2025 12:06:06.296 INFO [main] org.apache.catalina.startup.HostConfig.deployDirectory Diretório de instalação da aplicação web [D:\TomCat1109\apache-tomcat-11.0.9\webapps\ROOT]
29-Jul-2025 12:06:06.307 INFO [main] org.apache.catalina.startup.HostConfig.deployDirectory Deployment of web application directory [D:\TomCat1109\apache-tomcat-11.0.9\webapps\ROOT] has finished in [11] ms
29-Jul-2025 12:06:06.311 INFO [main] org.apache.coyote.AbstractProtocol.start Starting ProtocolHandler ["http-nio-8081"]
29-Jul-2025 12:06:06.327 INFO [main] org.apache.catalina.startup.Catalina.start Server startup in [1702] milliseconds
29-Jul-2025 12:06:08.378 INFO [http-nio-8081-exec-9] org.apache.catalina.startup.HostConfig.deployDescriptor Deploying deployment descriptor [D:\TomCat1109\apache-tomcat-11.0.9\conf\Catalina\localhost\JSF.xml]
29-Jul-2025 12:06:08.379 WARNING [http-nio-8081-exec-9] org.apache.catalina.startup.HostConfig.deployDescriptor The path attribute with value [/JSF] in deployment descriptor [D:\TomCat1109\apache-tomcat-11.0.9\conf\Catalina\localhost\JSF.xml] has been ignored
29-Jul-2025 12:06:08.457 INFO [http-nio-8081-exec-9] org.apache.jasper.servlet.TldScanner.scanJars At least one JAR was scanned for TLDs yet contained no TLDs. Enable debug logging for this logger for a complete list of JARs that were scanned but no TLDs were found in them. Skipping unneeded JARs during scanning can improve startup time and JSP compilation time.
29-Jul-2025 12:06:08.459 INFO [http-nio-8081-exec-9] org.apache.catalina.startup.HostConfig.deployDescriptor Deployment of deployment descriptor [D:\TomCat1109\apache-tomcat-11.0.9\conf\Catalina\localhost\JSF.xml] has finished in [85] ms
29-Jul-2025 12:06:08.461 INFO [http-nio-8081-exec-10] org.apache.catalina.util.LifecycleBase.start The start() method was called on component [StandardEngine[Catalina].StandardHost[localhost].StandardContext[/JSF]] after start() had already been called. The second call will be ignored.
29-Jul-2025 12:07:16.339 INFO [http-nio-8081-exec-8] org.apache.jasper.servlet.TldScanner.scanJars At least one JAR was scanned for TLDs yet contained no TLDs. Enable debug logging for this logger for a complete list of JARs that were scanned but no TLDs were found in them. Skipping unneeded JARs during scanning can improve startup time and JSP compilation time.
29-Jul-2025 12:07:16.738 INFO [http-nio-8081-exec-11] org.apache.jasper.servlet.TldScanner.scanJars At least one JAR was scanned for TLDs yet contained no TLDs. Enable debug logging for this logger for a complete list of JARs that were scanned but no TLDs were found in them. Skipping unneeded JARs during scanning can improve startup time and JSP compilation time.
29-Jul-2025 12:09:06.510 INFO [http-nio-8081-exec-2] org.apache.jasper.servlet.TldScanner.scanJars At least one JAR was scanned for TLDs yet contained no TLDs. Enable debug logging for this logger for a complete list of JARs that were scanned but no TLDs were found in them. Skipping unneeded JARs during scanning can improve startup time and JSP compilation time.
29-Jul-2025 12:09:16.590 INFO [Catalina-utility-2] org.apache.catalina.startup.HostConfig.reload Reloading context [/JSF]
29-Jul-2025 12:09:16.591 INFO [Catalina-utility-2] org.apache.catalina.core.StandardContext.reload Reloading Context with name [/JSF] has started
29-Jul-2025 12:09:16.665 INFO [Catalina-utility-2] org.apache.jasper.servlet.TldScanner.scanJars At least one JAR was scanned for TLDs yet contained no TLDs. Enable debug logging for this logger for a complete list of JARs that were scanned but no TLDs were found in them. Skipping unneeded JARs during scanning can improve startup time and JSP compilation time.
29-Jul-2025 12:09:16.667 INFO [Catalina-utility-2] org.apache.catalina.core.StandardContext.reload Reloading Context with name [/JSF] is completed
29-Jul-2025 12:09:44.890 INFO [http-nio-8081-exec-5] org.apache.catalina.startup.HostConfig.undeploy Undeploying context [/JSF]
29-Jul-2025 12:09:47.681 INFO [http-nio-8081-exec-12] org.apache.catalina.startup.HostConfig.deployDescriptor Deploying deployment descriptor [D:\TomCat1109\apache-tomcat-11.0.9\conf\Catalina\localhost\JSF.xml]
29-Jul-2025 12:09:47.681 WARNING [http-nio-8081-exec-12] org.apache.catalina.startup.HostConfig.deployDescriptor The path attribute with value [/JSF] in deployment descriptor [D:\TomCat1109\apache-tomcat-11.0.9\conf\Catalina\localhost\JSF.xml] has been ignored
29-Jul-2025 12:09:47.745 INFO [http-nio-8081-exec-12] org.apache.jasper.servlet.TldScanner.scanJars At least one JAR was scanned for TLDs yet contained no TLDs. Enable debug logging for this logger for a complete list of JARs that were scanned but no TLDs were found in them. Skipping unneeded JARs during scanning can improve startup time and JSP compilation time.
29-Jul-2025 12:09:47.747 INFO [http-nio-8081-exec-12] org.apache.catalina.startup.HostConfig.deployDescriptor Deployment of deployment descriptor [D:\TomCat1109\apache-tomcat-11.0.9\conf\Catalina\localhost\JSF.xml] has finished in [66] ms
29-Jul-2025 12:09:47.749 INFO [http-nio-8081-exec-16] org.apache.catalina.util.LifecycleBase.start The start() method was called on component [StandardEngine[Catalina].StandardHost[localhost].StandardContext[/JSF]] after start() had already been called. The second call will be ignored.
29-Jul-2025 12:10:58.120 INFO [http-nio-8081-exec-2] org.apache.catalina.startup.HostConfig.undeploy Undeploying context [/JSF]
29-Jul-2025 12:10:59.399 INFO [http-nio-8081-exec-19] org.apache.catalina.startup.HostConfig.deployDescriptor Deploying deployment descriptor [D:\TomCat1109\apache-tomcat-11.0.9\conf\Catalina\localhost\JSF.xml]
29-Jul-2025 12:10:59.399 WARNING [http-nio-8081-exec-19] org.apache.catalina.startup.HostConfig.deployDescriptor The path attribute with value [/JSF] in deployment descriptor [D:\TomCat1109\apache-tomcat-11.0.9\conf\Catalina\localhost\JSF.xml] has been ignored
29-Jul-2025 12:10:59.465 INFO [http-nio-8081-exec-19] org.apache.jasper.servlet.TldScanner.scanJars At least one JAR was scanned for TLDs yet contained no TLDs. Enable debug logging for this logger for a complete list of JARs that were scanned but no TLDs were found in them. Skipping unneeded JARs during scanning can improve startup time and JSP compilation time.
29-Jul-2025 12:10:59.468 INFO [http-nio-8081-exec-19] org.apache.catalina.startup.HostConfig.deployDescriptor Deployment of deployment descriptor [D:\TomCat1109\apache-tomcat-11.0.9\conf\Catalina\localhost\JSF.xml] has finished in [67] ms
29-Jul-2025 12:10:59.469 INFO [http-nio-8081-exec-12] org.apache.catalina.util.LifecycleBase.start The start() method was called on component [StandardEngine[Catalina].StandardHost[localhost].StandardContext[/JSF]] after start() had already been called. The second call will be ignored.
29-Jul-2025 12:12:07.305 INFO [http-nio-8081-exec-24] org.apache.catalina.core.StandardContext.reload Reloading Context with name [/JSF] has started
29-Jul-2025 12:12:07.384 INFO [http-nio-8081-exec-24] org.apache.jasper.servlet.TldScanner.scanJars At least one JAR was scanned for TLDs yet contained no TLDs. Enable debug logging for this logger for a complete list of JARs that were scanned but no TLDs were found in them. Skipping unneeded JARs during scanning can improve startup time and JSP compilation time.
29-Jul-2025 12:12:07.385 INFO [http-nio-8081-exec-24] org.apache.catalina.core.StandardContext.reload Reloading Context with name [/JSF] is completed
29-Jul-2025 12:12:07.594 INFO [http-nio-8081-exec-2] org.apache.catalina.core.StandardContext.reload Reloading Context with name [/JSF] has started
29-Jul-2025 12:12:07.665 INFO [http-nio-8081-exec-2] org.apache.jasper.servlet.TldScanner.scanJars At least one JAR was scanned for TLDs yet contained no TLDs. Enable debug logging for this logger for a complete list of JARs that were scanned but no TLDs were found in them. Skipping unneeded JARs during scanning can improve startup time and JSP compilation time.
29-Jul-2025 12:12:07.666 INFO [http-nio-8081-exec-2] org.apache.catalina.core.StandardContext.reload Reloading Context with name [/JSF] is completed
29-Jul-2025 12:13:54.619 INFO [http-nio-8081-exec-27] org.apache.catalina.core.StandardContext.reload Reloading Context with name [/JSF] has started
29-Jul-2025 12:13:54.811 INFO [http-nio-8081-exec-27] org.apache.jasper.servlet.TldScanner.scanJars At least one JAR was scanned for TLDs yet contained no TLDs. Enable debug logging for this logger for a complete list of JARs that were scanned but no TLDs were found in them. Skipping unneeded JARs during scanning can improve startup time and JSP compilation time.
29-Jul-2025 12:13:54.812 SEVERE [http-nio-8081-exec-27] org.apache.catalina.core.StandardContext.reload Exception starting Context with name [/JSF]
	org.apache.catalina.LifecycleException: Failed to start component [StandardEngine[Catalina].StandardHost[localhost].StandardContext[/JSF]]
		at org.apache.catalina.util.LifecycleBase.handleSubClassException(LifecycleBase.java:406)
		at org.apache.catalina.util.LifecycleBase.start(LifecycleBase.java:179)
		at org.apache.catalina.core.StandardContext.reload(StandardContext.java:3236)
		at org.apache.catalina.manager.ManagerServlet.reload(ManagerServlet.java:1035)
		at org.apache.catalina.manager.ManagerServlet.doGet(ManagerServlet.java:319)
		at jakarta.servlet.http.HttpServlet.service(HttpServlet.java:622)
		at jakarta.servlet.http.HttpServlet.service(HttpServlet.java:710)
		at org.apache.catalina.core.ApplicationFilterChain.doFilter(ApplicationFilterChain.java:130)
		at org.apache.tomcat.websocket.server.WsFilter.doFilter(WsFilter.java:53)
		at org.apache.catalina.core.ApplicationFilterChain.doFilter(ApplicationFilterChain.java:109)
		at org.apache.catalina.filters.HttpHeaderSecurityFilter.doFilter(HttpHeaderSecurityFilter.java:114)
		at org.apache.catalina.core.ApplicationFilterChain.doFilter(ApplicationFilterChain.java:109)
		at org.apache.catalina.core.StandardWrapperValve.invoke(StandardWrapperValve.java:167)
		at org.apache.catalina.core.StandardContextValve.invoke(StandardContextValve.java:79)
		at org.apache.catalina.authenticator.AuthenticatorBase.invoke(AuthenticatorBase.java:598)
		at org.apache.catalina.valves.RequestFilterValve.process(RequestFilterValve.java:354)
		at org.apache.catalina.valves.RemoteAddrValve.invoke(RemoteAddrValve.java:54)
		at org.apache.catalina.core.StandardHostValve.invoke(StandardHostValve.java:116)
		at org.apache.catalina.valves.ErrorReportValve.invoke(ErrorReportValve.java:93)
		at org.apache.catalina.valves.AbstractAccessLogValve.invoke(AbstractAccessLogValve.java:666)
		at org.apache.catalina.core.StandardEngineValve.invoke(StandardEngineValve.java:74)
		at org.apache.catalina.connector.CoyoteAdapter.service(CoyoteAdapter.java:343)
		at org.apache.coyote.http11.Http11Processor.service(Http11Processor.java:396)
		at org.apache.coyote.AbstractProcessorLight.process(AbstractProcessorLight.java:63)
		at org.apache.coyote.AbstractProtocol$ConnectionHandler.process(AbstractProtocol.java:903)
		at org.apache.tomcat.util.net.NioEndpoint$SocketProcessor.doRun(NioEndpoint.java:1773)
		at org.apache.tomcat.util.net.SocketProcessorBase.run(SocketProcessorBase.java:52)
		at org.apache.tomcat.util.threads.ThreadPoolExecutor.runWorker(ThreadPoolExecutor.java:1149)
		at org.apache.tomcat.util.threads.ThreadPoolExecutor$Worker.run(ThreadPoolExecutor.java:637)
		at org.apache.tomcat.util.threads.TaskThread$WrappingRunnable.run(TaskThread.java:59)
		at java.base/java.lang.Thread.run(Thread.java:1583)
	Caused by: java.lang.NoClassDefFoundError: javax/servlet/ServletRequestListener
		at java.base/java.lang.ClassLoader.defineClass1(Native Method)
		at java.base/java.lang.ClassLoader.defineClass(ClassLoader.java:1027)
		at java.base/java.security.SecureClassLoader.defineClass(SecureClassLoader.java:150)
		at org.apache.catalina.loader.WebappClassLoaderBase.findClassInternal(WebappClassLoaderBase.java:2170)
		at org.apache.catalina.loader.WebappClassLoaderBase.findClass(WebappClassLoaderBase.java:696)
		at org.apache.catalina.loader.WebappClassLoaderBase.loadClass(WebappClassLoaderBase.java:1189)
		at org.apache.catalina.loader.WebappClassLoaderBase.loadClass(WebappClassLoaderBase.java:1059)
		at org.apache.catalina.core.DefaultInstanceManager.loadClass(DefaultInstanceManager.java:474)
		at org.apache.catalina.core.DefaultInstanceManager.loadClassMaybePrivileged(DefaultInstanceManager.java:457)
		at org.apache.catalina.core.DefaultInstanceManager.newInstance(DefaultInstanceManager.java:139)
		at org.apache.catalina.core.ApplicationContext.addListener(ApplicationContext.java:962)
		at org.apache.catalina.core.ApplicationContextFacade.addListener(ApplicationContextFacade.java:305)
		at org.apache.jasper.servlet.JasperInitializer.onStartup(JasperInitializer.java:86)
		at org.apache.catalina.core.StandardContext.startInternal(StandardContext.java:4428)
		at org.apache.catalina.util.LifecycleBase.start(LifecycleBase.java:164)
		... 29 more
	Caused by: java.lang.ClassNotFoundException: javax.servlet.ServletRequestListener
		at org.apache.catalina.loader.WebappClassLoaderBase.loadClass(WebappClassLoaderBase.java:1228)
		at org.apache.catalina.loader.WebappClassLoaderBase.loadClass(WebappClassLoaderBase.java:1059)
		... 44 more
29-Jul-2025 12:13:54.848 INFO [http-nio-8081-exec-27] org.apache.catalina.core.StandardContext.reload Reloading Context with name [/JSF] is completed
29-Jul-2025 12:14:10.904 INFO [http-nio-8081-exec-30] org.apache.catalina.startup.HostConfig.undeploy Undeploying context [/JSF]
29-Jul-2025 12:14:10.915 INFO [http-nio-8081-exec-2] org.apache.catalina.startup.HostConfig.deployDescriptor Deploying deployment descriptor [D:\TomCat1109\apache-tomcat-11.0.9\conf\Catalina\localhost\JSF.xml]
29-Jul-2025 12:14:10.916 WARNING [http-nio-8081-exec-2] org.apache.catalina.startup.HostConfig.deployDescriptor The path attribute with value [/JSF] in deployment descriptor [D:\TomCat1109\apache-tomcat-11.0.9\conf\Catalina\localhost\JSF.xml] has been ignored
29-Jul-2025 12:14:10.920 SEVERE [http-nio-8081-exec-2] org.apache.catalina.startup.HostConfig.deployDescriptor Error deploying deployment descriptor [D:\TomCat1109\apache-tomcat-11.0.9\conf\Catalina\localhost\JSF.xml]
	java.lang.IllegalStateException: Error starting child
		at org.apache.catalina.core.ContainerBase.addChild(ContainerBase.java:569)
		at org.apache.catalina.core.StandardHost.addChild(StandardHost.java:652)
		at org.apache.catalina.startup.HostConfig.deployDescriptor(HostConfig.java:593)
		at org.apache.catalina.startup.HostConfig.deployApps(HostConfig.java:442)
		at org.apache.catalina.startup.HostConfig.check(HostConfig.java:1656)
		at java.base/jdk.internal.reflect.DirectMethodHandleAccessor.invoke(DirectMethodHandleAccessor.java:103)
		at java.base/java.lang.reflect.Method.invoke(Method.java:580)
		at org.apache.tomcat.util.modeler.BaseModelMBean.invoke(BaseModelMBean.java:252)
		at java.management/com.sun.jmx.interceptor.DefaultMBeanServerInterceptor.invoke(DefaultMBeanServerInterceptor.java:803)
		at java.management/com.sun.jmx.mbeanserver.JmxMBeanServer.invoke(JmxMBeanServer.java:802)
		at org.apache.catalina.manager.ManagerServlet.check(ManagerServlet.java:1451)
		at org.apache.catalina.manager.ManagerServlet.deploy(ManagerServlet.java:945)
		at org.apache.catalina.manager.ManagerServlet.doGet(ManagerServlet.java:310)
		at jakarta.servlet.http.HttpServlet.service(HttpServlet.java:622)
		at jakarta.servlet.http.HttpServlet.service(HttpServlet.java:710)
		at org.apache.catalina.core.ApplicationFilterChain.doFilter(ApplicationFilterChain.java:130)
		at org.apache.tomcat.websocket.server.WsFilter.doFilter(WsFilter.java:53)
		at org.apache.catalina.core.ApplicationFilterChain.doFilter(ApplicationFilterChain.java:109)
		at org.apache.catalina.filters.HttpHeaderSecurityFilter.doFilter(HttpHeaderSecurityFilter.java:114)
		at org.apache.catalina.core.ApplicationFilterChain.doFilter(ApplicationFilterChain.java:109)
		at org.apache.catalina.core.StandardWrapperValve.invoke(StandardWrapperValve.java:167)
		at org.apache.catalina.core.StandardContextValve.invoke(StandardContextValve.java:79)
		at org.apache.catalina.authenticator.AuthenticatorBase.invoke(AuthenticatorBase.java:598)
		at org.apache.catalina.valves.RequestFilterValve.process(RequestFilterValve.java:354)
		at org.apache.catalina.valves.RemoteAddrValve.invoke(RemoteAddrValve.java:54)
		at org.apache.catalina.core.StandardHostValve.invoke(StandardHostValve.java:116)
		at org.apache.catalina.valves.ErrorReportValve.invoke(ErrorReportValve.java:93)
		at org.apache.catalina.valves.AbstractAccessLogValve.invoke(AbstractAccessLogValve.java:666)
		at org.apache.catalina.core.StandardEngineValve.invoke(StandardEngineValve.java:74)
		at org.apache.catalina.connector.CoyoteAdapter.service(CoyoteAdapter.java:343)
		at org.apache.coyote.http11.Http11Processor.service(Http11Processor.java:396)
		at org.apache.coyote.AbstractProcessorLight.process(AbstractProcessorLight.java:63)
		at org.apache.coyote.AbstractProtocol$ConnectionHandler.process(AbstractProtocol.java:903)
		at org.apache.tomcat.util.net.NioEndpoint$SocketProcessor.doRun(NioEndpoint.java:1773)
		at org.apache.tomcat.util.net.SocketProcessorBase.run(SocketProcessorBase.java:52)
		at org.apache.tomcat.util.threads.ThreadPoolExecutor.runWorker(ThreadPoolExecutor.java:1149)
		at org.apache.tomcat.util.threads.ThreadPoolExecutor$Worker.run(ThreadPoolExecutor.java:637)
		at org.apache.tomcat.util.threads.TaskThread$WrappingRunnable.run(TaskThread.java:59)
		at java.base/java.lang.Thread.run(Thread.java:1583)
	Caused by: org.apache.catalina.LifecycleException: Failed to start component [org.apache.catalina.webresources.StandardRoot@5777dc86]
		at org.apache.catalina.util.LifecycleBase.handleSubClassException(LifecycleBase.java:406)
		at org.apache.catalina.util.LifecycleBase.start(LifecycleBase.java:179)
		at org.apache.catalina.core.StandardContext.resourcesStart(StandardContext.java:4127)
		at org.apache.catalina.core.StandardContext.startInternal(StandardContext.java:4249)
		at org.apache.catalina.util.LifecycleBase.start(LifecycleBase.java:164)
		at org.apache.catalina.core.ContainerBase.addChild(ContainerBase.java:566)
		... 38 more
	Caused by: java.lang.IllegalArgumentException: The main resource set specified [C:\Users\prampero\Documents\NetBeansProjects\JSF\build\web] is not a directory or war file, or is not readable (it does not exist or permissions to access it are missing)
		at org.apache.catalina.webresources.StandardRoot.createMainResourceSet(StandardRoot.java:749)
		at org.apache.catalina.webresources.StandardRoot.startInternal(StandardRoot.java:706)
		at org.apache.catalina.util.LifecycleBase.start(LifecycleBase.java:164)
		... 42 more
29-Jul-2025 12:14:10.972 INFO [http-nio-8081-exec-2] org.apache.catalina.startup.HostConfig.deployDescriptor Deployment of deployment descriptor [D:\TomCat1109\apache-tomcat-11.0.9\conf\Catalina\localhost\JSF.xml] has finished in [57] ms
29-Jul-2025 14:24:04.784 INFO [main] org.apache.catalina.core.StandardServer.await A valid shutdown command was received via the shutdown port. Stopping the Server instance.
29-Jul-2025 14:24:04.785 INFO [main] org.apache.coyote.AbstractProtocol.pause Pausing ProtocolHandler ["http-nio-8081"]
29-Jul-2025 14:24:04.793 INFO [main] org.apache.catalina.core.StandardService.stopInternal Stopping service [Catalina]
29-Jul-2025 14:24:04.808 INFO [main] org.apache.coyote.AbstractProtocol.stop Stopping ProtocolHandler ["http-nio-8081"]
29-Jul-2025 14:24:04.833 INFO [main] org.apache.coyote.AbstractProtocol.destroy Destroying ProtocolHandler ["http-nio-8081"]
