15-Sep-2025 20:50:42.543 INFORMAÇÕES [http-nio-8081-exec-4] org.apache.catalina.core.ApplicationContext.log Manager: init: Associated with Deployer 'Catalina:type=Deployer,host=localhost'
15-Sep-2025 20:50:42.543 INFORMAÇÕES [http-nio-8081-exec-4] org.apache.catalina.core.ApplicationContext.log Manager: init: Global resources are available
15-Sep-2025 20:50:42.573 INFORMAÇÕES [http-nio-8081-exec-8] org.apache.catalina.core.ApplicationContext.log Manager: list: Listing contexts for virtual host 'localhost'
15-Sep-2025 20:50:42.578 INFORMAÇÕES [http-nio-8081-exec-9] org.apache.catalina.core.ApplicationContext.log Manager: list: Listing contexts for virtual host 'localhost'
15-Sep-2025 20:50:42.595 INFORMAÇÕES [http-nio-8081-exec-10] org.apache.catalina.core.ApplicationContext.log Manager: install: Installing context configuration at 'file:/C:/Users/gugac/AppData/Local/Temp/context15502659423976752112.xml'
15-Sep-2025 20:50:43.538 INFORMAÇÕES [http-nio-8081-exec-1] org.apache.catalina.core.ApplicationContext.log Manager: start: Starting web application '/CrudProduto'
15-Sep-2025 20:53:57.557 INFORMAÇÕES [http-nio-8081-exec-2] org.apache.catalina.core.ApplicationContext.log Manager: list: Listing contexts for virtual host 'localhost'
15-Sep-2025 20:53:57.561 INFORMAÇÕES [http-nio-8081-exec-3] org.apache.catalina.core.ApplicationContext.log Manager: list: Listing contexts for virtual host 'localhost'
15-Sep-2025 20:53:57.568 INFORMAÇÕES [http-nio-8081-exec-4] org.apache.catalina.core.ApplicationContext.log Manager: undeploy: Undeploying web application at '/CrudProduto'
15-Sep-2025 20:53:58.098 INFORMAÇÕES [http-nio-8081-exec-1] org.apache.catalina.core.ApplicationContext.log Manager: install: Installing context configuration at 'file:/C:/Users/gugac/AppData/Local/Temp/context7021119249819385558.xml'
15-Sep-2025 20:53:58.811 INFORMAÇÕES [http-nio-8081-exec-7] org.apache.catalina.core.ApplicationContext.log Manager: start: Starting web application '/CrudProduto'
15-Sep-2025 21:19:27.239 INFORMAÇÕES [http-nio-8081-exec-19] org.apache.catalina.core.ApplicationContext.log Manager: list: Listing contexts for virtual host 'localhost'
15-Sep-2025 21:19:27.244 INFORMAÇÕES [http-nio-8081-exec-14] org.apache.catalina.core.ApplicationContext.log Manager: list: Listing contexts for virtual host 'localhost'
15-Sep-2025 21:19:27.250 INFORMAÇÕES [http-nio-8081-exec-15] org.apache.catalina.core.ApplicationContext.log Manager: undeploy: Undeploying web application at '/CrudProduto'
15-Sep-2025 21:19:27.777 INFORMAÇÕES [http-nio-8081-exec-11] org.apache.catalina.core.ApplicationContext.log Manager: install: Installing context configuration at 'file:/C:/Users/gugac/AppData/Local/Temp/context16575441825281453243.xml'
15-Sep-2025 21:19:28.487 INFORMAÇÕES [http-nio-8081-exec-19] org.apache.catalina.core.ApplicationContext.log Manager: start: Starting web application '/CrudProduto'
15-Sep-2025 21:27:02.794 INFORMAÇÕES [http-nio-8081-exec-22] org.apache.catalina.core.ApplicationContext.log Manager: list: Listing contexts for virtual host 'localhost'
15-Sep-2025 21:27:02.797 INFORMAÇÕES [http-nio-8081-exec-24] org.apache.catalina.core.ApplicationContext.log Manager: list: Listing contexts for virtual host 'localhost'
15-Sep-2025 21:27:02.802 INFORMAÇÕES [http-nio-8081-exec-25] org.apache.catalina.core.ApplicationContext.log Manager: undeploy: Undeploying web application at '/CrudProduto'
15-Sep-2025 21:27:03.324 INFORMAÇÕES [http-nio-8081-exec-24] org.apache.catalina.core.ApplicationContext.log Manager: install: Installing context configuration at 'file:/C:/Users/gugac/AppData/Local/Temp/context17849586476918457326.xml'
15-Sep-2025 21:27:04.042 INFORMAÇÕES [http-nio-8081-exec-23] org.apache.catalina.core.ApplicationContext.log Manager: start: Starting web application '/CrudProduto'
