30-Jul-2025 19:15:18.684 INFO [http-nio-8081-exec-5] org.apache.catalina.core.ApplicationContext.log Manager: init: Associated with Deployer 'Catalina:type=Deployer,host=localhost'
30-Jul-2025 19:15:18.684 INFO [http-nio-8081-exec-5] org.apache.catalina.core.ApplicationContext.log Manager: init: Global resources are available
30-Jul-2025 19:15:18.718 INFO [http-nio-8081-exec-1] org.apache.catalina.core.ApplicationContext.log Manager: list: Listing contexts for virtual host 'localhost'
30-Jul-2025 19:15:18.765 INFO [http-nio-8081-exec-10] org.apache.catalina.core.ApplicationContext.log Manager: list: Listing contexts for virtual host 'localhost'
30-Jul-2025 19:15:18.789 INFO [http-nio-8081-exec-2] org.apache.catalina.core.ApplicationContext.log Manager: install: Installing context configuration at 'file:/C:/Users/prampero/AppData/Local/Temp/context18014626189425629331.xml'
30-Jul-2025 19:15:19.791 INFO [http-nio-8081-exec-3] org.apache.catalina.core.ApplicationContext.log Manager: start: Starting web application '/JPAGente2'
30-Jul-2025 19:16:19.094 INFO [http-nio-8081-exec-4] org.apache.catalina.core.ApplicationContext.log Manager: list: Listing contexts for virtual host 'localhost'
30-Jul-2025 19:16:19.126 INFO [http-nio-8081-exec-3] org.apache.catalina.core.ApplicationContext.log Manager: restart: Reloading web application '/JPAGente2'
30-Jul-2025 19:16:22.716 INFO [http-nio-8081-exec-12] org.apache.catalina.core.ApplicationContext.log Manager: list: Listing contexts for virtual host 'localhost'
30-Jul-2025 19:16:22.724 INFO [http-nio-8081-exec-4] org.apache.catalina.core.ApplicationContext.log Manager: restart: Reloading web application '/JPAGente2'
30-Jul-2025 19:16:30.639 INFO [http-nio-8081-exec-10] org.apache.catalina.core.ApplicationContext.log Manager: list: Listing contexts for virtual host 'localhost'
30-Jul-2025 19:16:30.642 INFO [http-nio-8081-exec-7] org.apache.catalina.core.ApplicationContext.log Manager: list: Listing contexts for virtual host 'localhost'
30-Jul-2025 19:16:30.666 INFO [http-nio-8081-exec-9] org.apache.catalina.core.ApplicationContext.log Manager: restart: Reloading web application '/JPAGente2'
30-Jul-2025 19:17:02.529 INFO [http-nio-8081-exec-6] org.apache.catalina.core.ApplicationContext.log Manager: list: Listing contexts for virtual host 'localhost'
30-Jul-2025 19:17:02.536 INFO [http-nio-8081-exec-1] org.apache.catalina.core.ApplicationContext.log Manager: restart: Reloading web application '/JPAGente2'
30-Jul-2025 19:18:30.037 INFO [http-nio-8081-exec-21] org.apache.catalina.core.ApplicationContext.log Manager: list: Listing contexts for virtual host 'localhost'
30-Jul-2025 19:18:30.039 INFO [http-nio-8081-exec-22] org.apache.catalina.core.ApplicationContext.log Manager: list: Listing contexts for virtual host 'localhost'
30-Jul-2025 19:18:30.058 INFO [http-nio-8081-exec-14] org.apache.catalina.core.ApplicationContext.log Manager: restart: Reloading web application '/JPAGente2'
30-Jul-2025 19:29:45.108 INFO [http-nio-8081-exec-5] org.apache.catalina.core.ApplicationContext.log Manager: init: Associated with Deployer 'Catalina:type=Deployer,host=localhost'
30-Jul-2025 19:29:45.109 INFO [http-nio-8081-exec-5] org.apache.catalina.core.ApplicationContext.log Manager: init: Global resources are available
30-Jul-2025 19:29:45.164 INFO [http-nio-8081-exec-3] org.apache.catalina.core.ApplicationContext.log Manager: list: Listing contexts for virtual host 'localhost'
30-Jul-2025 19:29:45.184 INFO [http-nio-8081-exec-10] org.apache.catalina.core.ApplicationContext.log Manager: undeploy: Undeploying web application at '/JPAGente2'
30-Jul-2025 19:29:45.764 INFO [http-nio-8081-exec-7] org.apache.catalina.core.ApplicationContext.log Manager: install: Installing context configuration at 'file:/C:/Users/prampero/AppData/Local/Temp/context18382933897075461560.xml'
30-Jul-2025 19:29:46.776 INFO [http-nio-8081-exec-1] org.apache.catalina.core.ApplicationContext.log Manager: start: Starting web application '/JPAGente2'
30-Jul-2025 19:31:13.309 INFO [http-nio-8081-exec-13] org.apache.catalina.core.ApplicationContext.log Manager: list: Listing contexts for virtual host 'localhost'
30-Jul-2025 19:31:13.330 INFO [http-nio-8081-exec-14] org.apache.catalina.core.ApplicationContext.log Manager: restart: Reloading web application '/JPAGente2'
30-Jul-2025 19:31:14.887 INFO [http-nio-8081-exec-17] org.apache.catalina.core.ApplicationContext.log Manager: list: Listing contexts for virtual host 'localhost'
30-Jul-2025 19:31:14.898 INFO [http-nio-8081-exec-16] org.apache.catalina.core.ApplicationContext.log Manager: restart: Reloading web application '/JPAGente2'
30-Jul-2025 19:31:16.373 INFO [http-nio-8081-exec-19] org.apache.catalina.core.ApplicationContext.log Manager: list: Listing contexts for virtual host 'localhost'
30-Jul-2025 19:31:16.381 INFO [http-nio-8081-exec-15] org.apache.catalina.core.ApplicationContext.log Manager: restart: Reloading web application '/JPAGente2'
30-Jul-2025 19:31:38.242 INFO [http-nio-8081-exec-18] org.apache.catalina.core.ApplicationContext.log Manager: list: Listing contexts for virtual host 'localhost'
30-Jul-2025 19:31:38.591 INFO [http-nio-8081-exec-22] org.apache.catalina.core.ApplicationContext.log Manager: list: Listing contexts for virtual host 'localhost'
30-Jul-2025 19:31:49.932 INFO [http-nio-8081-exec-11] org.apache.catalina.core.ApplicationContext.log Manager: list: Listing contexts for virtual host 'localhost'
30-Jul-2025 19:31:50.113 INFO [http-nio-8081-exec-12] org.apache.catalina.core.ApplicationContext.log Manager: list: Listing contexts for virtual host 'localhost'
30-Jul-2025 20:02:01.133 INFO [http-nio-8081-exec-29] org.apache.catalina.core.ApplicationContext.log Manager: list: Listing contexts for virtual host 'localhost'
30-Jul-2025 20:02:01.144 INFO [http-nio-8081-exec-29] org.apache.catalina.core.ApplicationContext.log Manager: list: Listing contexts for virtual host 'localhost'
30-Jul-2025 20:07:16.131 INFO [http-nio-8081-exec-9] org.apache.catalina.core.ApplicationContext.log Manager: init: Associated with Deployer 'Catalina:type=Deployer,host=localhost'
30-Jul-2025 20:07:16.132 INFO [http-nio-8081-exec-9] org.apache.catalina.core.ApplicationContext.log Manager: init: Global resources are available
30-Jul-2025 20:07:16.159 INFO [http-nio-8081-exec-4] org.apache.catalina.core.ApplicationContext.log Manager: list: Listing contexts for virtual host 'localhost'
30-Jul-2025 20:07:16.169 INFO [http-nio-8081-exec-2] org.apache.catalina.core.ApplicationContext.log Manager: list: Listing contexts for virtual host 'localhost'
30-Jul-2025 20:07:16.192 INFO [http-nio-8081-exec-10] org.apache.catalina.core.ApplicationContext.log Manager: install: Installing context configuration at 'file:/C:/Users/prampero/AppData/Local/Temp/context16430557013815944921.xml'
30-Jul-2025 20:07:16.385 INFO [http-nio-8081-exec-1] org.apache.catalina.core.ApplicationContext.log Manager: start: Starting web application '/JPAAluno2'
30-Jul-2025 20:07:48.752 INFO [http-nio-8081-exec-10] org.apache.catalina.core.ApplicationContext.log Manager: list: Listing contexts for virtual host 'localhost'
30-Jul-2025 20:07:55.118 INFO [http-nio-8081-exec-8] org.apache.catalina.core.ApplicationContext.log Manager: list: Listing contexts for virtual host 'localhost'
30-Jul-2025 20:07:55.461 INFO [http-nio-8081-exec-2] org.apache.catalina.core.ApplicationContext.log Manager: list: Listing contexts for virtual host 'localhost'
30-Jul-2025 20:08:09.461 INFO [http-nio-8081-exec-6] org.apache.catalina.core.ApplicationContext.log Manager: list: Listing contexts for virtual host 'localhost'
30-Jul-2025 20:08:09.468 INFO [http-nio-8081-exec-7] org.apache.catalina.core.ApplicationContext.log Manager: restart: Reloading web application '/JPAAluno2'
30-Jul-2025 20:08:10.001 INFO [http-nio-8081-exec-1] org.apache.catalina.core.ApplicationContext.log Manager: list: Listing contexts for virtual host 'localhost'
30-Jul-2025 20:08:10.010 INFO [http-nio-8081-exec-9] org.apache.catalina.core.ApplicationContext.log Manager: restart: Reloading web application '/JPAAluno2'
30-Jul-2025 20:08:48.346 INFO [http-nio-8081-exec-3] org.apache.catalina.core.ApplicationContext.log Manager: list: Listing contexts for virtual host 'localhost'
30-Jul-2025 20:08:48.351 INFO [http-nio-8081-exec-4] org.apache.catalina.core.ApplicationContext.log Manager: restart: Reloading web application '/JPAAluno2'
30-Jul-2025 20:08:49.744 INFO [http-nio-8081-exec-11] org.apache.catalina.core.ApplicationContext.log Manager: list: Listing contexts for virtual host 'localhost'
30-Jul-2025 20:08:49.754 INFO [http-nio-8081-exec-12] org.apache.catalina.core.ApplicationContext.log Manager: restart: Reloading web application '/JPAAluno2'
30-Jul-2025 20:08:51.102 INFO [http-nio-8081-exec-9] org.apache.catalina.core.ApplicationContext.log Manager: list: Listing contexts for virtual host 'localhost'
30-Jul-2025 20:08:51.108 INFO [http-nio-8081-exec-11] org.apache.catalina.core.ApplicationContext.log Manager: restart: Reloading web application '/JPAAluno2'
30-Jul-2025 20:09:29.717 INFO [http-nio-8081-exec-16] org.apache.catalina.core.ApplicationContext.log Manager: list: Listing contexts for virtual host 'localhost'
30-Jul-2025 20:09:29.721 INFO [http-nio-8081-exec-3] org.apache.catalina.core.ApplicationContext.log Manager: restart: Reloading web application '/JPAAluno2'
30-Jul-2025 20:09:30.802 INFO [http-nio-8081-exec-16] org.apache.catalina.core.ApplicationContext.log Manager: list: Listing contexts for virtual host 'localhost'
30-Jul-2025 20:09:30.808 INFO [http-nio-8081-exec-5] org.apache.catalina.core.ApplicationContext.log Manager: restart: Reloading web application '/JPAAluno2'
30-Jul-2025 20:09:32.111 INFO [http-nio-8081-exec-8] org.apache.catalina.core.ApplicationContext.log Manager: list: Listing contexts for virtual host 'localhost'
30-Jul-2025 20:09:32.116 INFO [http-nio-8081-exec-9] org.apache.catalina.core.ApplicationContext.log Manager: restart: Reloading web application '/JPAAluno2'
30-Jul-2025 20:09:46.862 INFO [http-nio-8081-exec-20] org.apache.catalina.core.ApplicationContext.log Manager: list: Listing contexts for virtual host 'localhost'
30-Jul-2025 20:09:46.899 INFO [http-nio-8081-exec-8] org.apache.catalina.core.ApplicationContext.log Manager: list: Listing contexts for virtual host 'localhost'
30-Jul-2025 20:09:46.904 INFO [http-nio-8081-exec-18] org.apache.catalina.core.ApplicationContext.log Manager: restart: Reloading web application '/JPAAluno2'
30-Jul-2025 20:09:48.294 INFO [http-nio-8081-exec-16] org.apache.catalina.core.ApplicationContext.log Manager: list: Listing contexts for virtual host 'localhost'
30-Jul-2025 20:09:48.306 INFO [http-nio-8081-exec-17] org.apache.catalina.core.ApplicationContext.log Manager: restart: Reloading web application '/JPAAluno2'
30-Jul-2025 20:10:08.030 INFO [http-nio-8081-exec-20] org.apache.catalina.core.ApplicationContext.log Manager: list: Listing contexts for virtual host 'localhost'
30-Jul-2025 20:10:08.038 INFO [http-nio-8081-exec-8] org.apache.catalina.core.ApplicationContext.log Manager: restart: Reloading web application '/JPAAluno2'
30-Jul-2025 20:10:09.392 INFO [http-nio-8081-exec-21] org.apache.catalina.core.ApplicationContext.log Manager: list: Listing contexts for virtual host 'localhost'
30-Jul-2025 20:10:09.400 INFO [http-nio-8081-exec-2] org.apache.catalina.core.ApplicationContext.log Manager: restart: Reloading web application '/JPAAluno2'
30-Jul-2025 20:10:14.577 INFO [http-nio-8081-exec-16] org.apache.catalina.core.ApplicationContext.log Manager: list: Listing contexts for virtual host 'localhost'
30-Jul-2025 20:10:14.580 INFO [http-nio-8081-exec-13] org.apache.catalina.core.ApplicationContext.log Manager: list: Listing contexts for virtual host 'localhost'
30-Jul-2025 20:10:14.611 INFO [http-nio-8081-exec-19] org.apache.catalina.core.ApplicationContext.log Manager: stop: Stopping web application '/JPAAluno2'
30-Jul-2025 20:10:14.619 INFO [http-nio-8081-exec-1] org.apache.catalina.core.ApplicationContext.log Manager: start: Starting web application '/JPAAluno2'
30-Jul-2025 20:10:47.481 INFO [http-nio-8081-exec-19] org.apache.catalina.core.ApplicationContext.log Manager: list: Listing contexts for virtual host 'localhost'
30-Jul-2025 20:10:47.486 INFO [http-nio-8081-exec-21] org.apache.catalina.core.ApplicationContext.log Manager: restart: Reloading web application '/JPAAluno2'
30-Jul-2025 20:10:47.700 INFO [http-nio-8081-exec-20] org.apache.catalina.core.ApplicationContext.log Manager: list: Listing contexts for virtual host 'localhost'
30-Jul-2025 20:10:47.702 INFO [http-nio-8081-exec-28] org.apache.catalina.core.ApplicationContext.log Manager: list: Listing contexts for virtual host 'localhost'
30-Jul-2025 20:10:48.603 INFO [http-nio-8081-exec-20] org.apache.catalina.core.ApplicationContext.log Manager: restart: Reloading web application '/JPAAluno2'
30-Jul-2025 20:11:40.299 INFO [http-nio-8081-exec-30] org.apache.catalina.core.ApplicationContext.log Manager: list: Listing contexts for virtual host 'localhost'
30-Jul-2025 20:11:40.304 INFO [http-nio-8081-exec-28] org.apache.catalina.core.ApplicationContext.log Manager: restart: Reloading web application '/JPAAluno2'
30-Jul-2025 20:11:41.764 INFO [http-nio-8081-exec-29] org.apache.catalina.core.ApplicationContext.log Manager: list: Listing contexts for virtual host 'localhost'
30-Jul-2025 20:11:41.766 INFO [http-nio-8081-exec-20] org.apache.catalina.core.ApplicationContext.log Manager: list: Listing contexts for virtual host 'localhost'
30-Jul-2025 20:11:41.782 INFO [http-nio-8081-exec-30] org.apache.catalina.core.ApplicationContext.log Manager: restart: Reloading web application '/JPAAluno2'
30-Jul-2025 20:11:58.999 INFO [http-nio-8081-exec-27] org.apache.catalina.core.ApplicationContext.log Manager: list: Listing contexts for virtual host 'localhost'
30-Jul-2025 20:11:59.004 INFO [http-nio-8081-exec-33] org.apache.catalina.core.ApplicationContext.log Manager: restart: Reloading web application '/JPAAluno2'
30-Jul-2025 20:12:01.540 INFO [http-nio-8081-exec-20] org.apache.catalina.core.ApplicationContext.log Manager: list: Listing contexts for virtual host 'localhost'
30-Jul-2025 20:12:01.545 INFO [http-nio-8081-exec-35] org.apache.catalina.core.ApplicationContext.log Manager: restart: Reloading web application '/JPAAluno2'
30-Jul-2025 20:12:01.968 INFO [http-nio-8081-exec-34] org.apache.catalina.core.ApplicationContext.log Manager: list: Listing contexts for virtual host 'localhost'
30-Jul-2025 20:12:01.971 INFO [http-nio-8081-exec-20] org.apache.catalina.core.ApplicationContext.log Manager: list: Listing contexts for virtual host 'localhost'
30-Jul-2025 20:12:02.588 INFO [http-nio-8081-exec-27] org.apache.catalina.core.ApplicationContext.log Manager: restart: Reloading web application '/JPAAluno2'
