29-Jul-2025 12:06:08.327 INFO [http-nio-8081-exec-4] org.apache.catalina.core.ApplicationContext.log Manager: init: Associated with Deployer 'Catalina:type=Deployer,host=localhost'
29-Jul-2025 12:06:08.327 INFO [http-nio-8081-exec-4] org.apache.catalina.core.ApplicationContext.log Manager: init: Global resources are available
29-Jul-2025 12:06:08.334 INFO [http-nio-8081-exec-5] org.apache.catalina.core.ApplicationContext.log Manager: list: Listing contexts for virtual host 'localhost'
29-Jul-2025 12:06:08.354 INFO [http-nio-8081-exec-8] org.apache.catalina.core.ApplicationContext.log Manager: list: Listing contexts for virtual host 'localhost'
29-Jul-2025 12:06:08.359 INFO [http-nio-8081-exec-9] org.apache.catalina.core.ApplicationContext.log Manager: install: Installing context configuration at 'file:/C:/Users/prampero/AppData/Local/Temp/context7411157131073830203.xml'
29-Jul-2025 12:06:08.461 INFO [http-nio-8081-exec-10] org.apache.catalina.core.ApplicationContext.log Manager: start: Starting web application '/JSF'
29-Jul-2025 12:07:16.257 INFO [http-nio-8081-exec-5] org.apache.catalina.core.ApplicationContext.log Manager: list: Listing contexts for virtual host 'localhost'
29-Jul-2025 12:07:16.259 INFO [http-nio-8081-exec-9] org.apache.catalina.core.ApplicationContext.log Manager: stop: Stopping web application '/JSF'
29-Jul-2025 12:07:16.265 INFO [http-nio-8081-exec-8] org.apache.catalina.core.ApplicationContext.log Manager: start: Starting web application '/JSF'
29-Jul-2025 12:07:16.667 INFO [http-nio-8081-exec-10] org.apache.catalina.core.ApplicationContext.log Manager: list: Listing contexts for virtual host 'localhost'
29-Jul-2025 12:07:16.669 INFO [http-nio-8081-exec-7] org.apache.catalina.core.ApplicationContext.log Manager: stop: Stopping web application '/JSF'
29-Jul-2025 12:07:16.672 INFO [http-nio-8081-exec-11] org.apache.catalina.core.ApplicationContext.log Manager: start: Starting web application '/JSF'
29-Jul-2025 12:09:06.438 INFO [http-nio-8081-exec-10] org.apache.catalina.core.ApplicationContext.log Manager: list: Listing contexts for virtual host 'localhost'
29-Jul-2025 12:09:06.440 INFO [http-nio-8081-exec-8] org.apache.catalina.core.ApplicationContext.log Manager: stop: Stopping web application '/JSF'
29-Jul-2025 12:09:06.444 INFO [http-nio-8081-exec-2] org.apache.catalina.core.ApplicationContext.log Manager: start: Starting web application '/JSF'
29-Jul-2025 12:09:17.748 INFO [http-nio-8081-exec-11] org.apache.catalina.core.ApplicationContext.log Manager: list: Listing contexts for virtual host 'localhost'
29-Jul-2025 12:09:18.069 INFO [http-nio-8081-exec-3] org.apache.catalina.core.ApplicationContext.log Manager: list: Listing contexts for virtual host 'localhost'
29-Jul-2025 12:09:36.042 INFO [http-nio-8081-exec-14] org.apache.catalina.core.ApplicationContext.log Manager: list: Listing contexts for virtual host 'localhost'
29-Jul-2025 12:09:41.715 INFO [http-nio-8081-exec-10] org.apache.catalina.core.ApplicationContext.log Manager: list: Listing contexts for virtual host 'localhost'
29-Jul-2025 12:09:44.379 INFO [http-nio-8081-exec-15] org.apache.catalina.core.ApplicationContext.log Manager: list: Listing contexts for virtual host 'localhost'
29-Jul-2025 12:09:44.381 INFO [http-nio-8081-exec-5] org.apache.catalina.core.ApplicationContext.log Manager: undeploy: Undeploying web application at '/JSF'
29-Jul-2025 12:09:47.676 INFO [http-nio-8081-exec-5] org.apache.catalina.core.ApplicationContext.log Manager: list: Listing contexts for virtual host 'localhost'
29-Jul-2025 12:09:47.677 INFO [http-nio-8081-exec-5] org.apache.catalina.core.ApplicationContext.log Manager: list: Listing contexts for virtual host 'localhost'
29-Jul-2025 12:09:47.680 INFO [http-nio-8081-exec-12] org.apache.catalina.core.ApplicationContext.log Manager: install: Installing context configuration at 'file:/C:/Users/prampero/AppData/Local/Temp/context5462880311102517955.xml'
29-Jul-2025 12:09:47.749 INFO [http-nio-8081-exec-16] org.apache.catalina.core.ApplicationContext.log Manager: start: Starting web application '/JSF'
29-Jul-2025 12:10:22.647 INFO [http-nio-8081-exec-12] org.apache.catalina.core.ApplicationContext.log Manager: list: Listing contexts for virtual host 'localhost'
29-Jul-2025 12:10:22.961 INFO [http-nio-8081-exec-15] org.apache.catalina.core.ApplicationContext.log Manager: list: Listing contexts for virtual host 'localhost'
29-Jul-2025 12:10:50.758 INFO [http-nio-8081-exec-12] org.apache.catalina.core.ApplicationContext.log Manager: list: Listing contexts for virtual host 'localhost'
29-Jul-2025 12:10:51.072 INFO [http-nio-8081-exec-20] org.apache.catalina.core.ApplicationContext.log Manager: list: Listing contexts for virtual host 'localhost'
29-Jul-2025 12:10:57.609 INFO [http-nio-8081-exec-10] org.apache.catalina.core.ApplicationContext.log Manager: list: Listing contexts for virtual host 'localhost'
29-Jul-2025 12:10:57.611 INFO [http-nio-8081-exec-2] org.apache.catalina.core.ApplicationContext.log Manager: undeploy: Undeploying web application at '/JSF'
29-Jul-2025 12:10:59.393 INFO [http-nio-8081-exec-23] org.apache.catalina.core.ApplicationContext.log Manager: list: Listing contexts for virtual host 'localhost'
29-Jul-2025 12:10:59.395 INFO [http-nio-8081-exec-20] org.apache.catalina.core.ApplicationContext.log Manager: list: Listing contexts for virtual host 'localhost'
29-Jul-2025 12:10:59.398 INFO [http-nio-8081-exec-19] org.apache.catalina.core.ApplicationContext.log Manager: install: Installing context configuration at 'file:/C:/Users/prampero/AppData/Local/Temp/context1099040323699785117.xml'
29-Jul-2025 12:10:59.469 INFO [http-nio-8081-exec-12] org.apache.catalina.core.ApplicationContext.log Manager: start: Starting web application '/JSF'
29-Jul-2025 12:12:07.301 INFO [http-nio-8081-exec-23] org.apache.catalina.core.ApplicationContext.log Manager: list: Listing contexts for virtual host 'localhost'
29-Jul-2025 12:12:07.305 INFO [http-nio-8081-exec-24] org.apache.catalina.core.ApplicationContext.log Manager: restart: Reloading web application '/JSF'
29-Jul-2025 12:12:07.590 INFO [http-nio-8081-exec-23] org.apache.catalina.core.ApplicationContext.log Manager: list: Listing contexts for virtual host 'localhost'
29-Jul-2025 12:12:07.594 INFO [http-nio-8081-exec-2] org.apache.catalina.core.ApplicationContext.log Manager: restart: Reloading web application '/JSF'
29-Jul-2025 12:13:54.617 INFO [http-nio-8081-exec-29] org.apache.catalina.core.ApplicationContext.log Manager: list: Listing contexts for virtual host 'localhost'
29-Jul-2025 12:13:54.619 INFO [http-nio-8081-exec-27] org.apache.catalina.core.ApplicationContext.log Manager: restart: Reloading web application '/JSF'
29-Jul-2025 12:13:55.612 INFO [http-nio-8081-exec-12] org.apache.catalina.core.ApplicationContext.log Manager: list: Listing contexts for virtual host 'localhost'
29-Jul-2025 12:13:55.615 INFO [http-nio-8081-exec-10] org.apache.catalina.core.ApplicationContext.log Manager: restart: Reloading web application '/JSF'
29-Jul-2025 12:13:55.615 SEVERE [http-nio-8081-exec-10] org.apache.catalina.core.ApplicationContext.log Manager: Error reloading [/JSF]
	java.lang.IllegalStateException: Context with name [/JSF] has not yet been started
		at org.apache.catalina.core.StandardContext.reload(StandardContext.java:3219)
		at org.apache.catalina.manager.ManagerServlet.reload(ManagerServlet.java:1035)
		at org.apache.catalina.manager.ManagerServlet.doGet(ManagerServlet.java:319)
		at jakarta.servlet.http.HttpServlet.service(HttpServlet.java:622)
		at jakarta.servlet.http.HttpServlet.service(HttpServlet.java:710)
		at org.apache.catalina.core.ApplicationFilterChain.doFilter(ApplicationFilterChain.java:130)
		at org.apache.tomcat.websocket.server.WsFilter.doFilter(WsFilter.java:53)
		at org.apache.catalina.core.ApplicationFilterChain.doFilter(ApplicationFilterChain.java:109)
		at org.apache.catalina.filters.HttpHeaderSecurityFilter.doFilter(HttpHeaderSecurityFilter.java:114)
		at org.apache.catalina.core.ApplicationFilterChain.doFilter(ApplicationFilterChain.java:109)
		at org.apache.catalina.core.StandardWrapperValve.invoke(StandardWrapperValve.java:167)
		at org.apache.catalina.core.StandardContextValve.invoke(StandardContextValve.java:79)
		at org.apache.catalina.authenticator.AuthenticatorBase.invoke(AuthenticatorBase.java:598)
		at org.apache.catalina.valves.RequestFilterValve.process(RequestFilterValve.java:354)
		at org.apache.catalina.valves.RemoteAddrValve.invoke(RemoteAddrValve.java:54)
		at org.apache.catalina.core.StandardHostValve.invoke(StandardHostValve.java:116)
		at org.apache.catalina.valves.ErrorReportValve.invoke(ErrorReportValve.java:93)
		at org.apache.catalina.valves.AbstractAccessLogValve.invoke(AbstractAccessLogValve.java:666)
		at org.apache.catalina.core.StandardEngineValve.invoke(StandardEngineValve.java:74)
		at org.apache.catalina.connector.CoyoteAdapter.service(CoyoteAdapter.java:343)
		at org.apache.coyote.http11.Http11Processor.service(Http11Processor.java:396)
		at org.apache.coyote.AbstractProcessorLight.process(AbstractProcessorLight.java:63)
		at org.apache.coyote.AbstractProtocol$ConnectionHandler.process(AbstractProtocol.java:903)
		at org.apache.tomcat.util.net.NioEndpoint$SocketProcessor.doRun(NioEndpoint.java:1773)
		at org.apache.tomcat.util.net.SocketProcessorBase.run(SocketProcessorBase.java:52)
		at org.apache.tomcat.util.threads.ThreadPoolExecutor.runWorker(ThreadPoolExecutor.java:1149)
		at org.apache.tomcat.util.threads.ThreadPoolExecutor$Worker.run(ThreadPoolExecutor.java:637)
		at org.apache.tomcat.util.threads.TaskThread$WrappingRunnable.run(TaskThread.java:59)
		at java.base/java.lang.Thread.run(Thread.java:1583)
29-Jul-2025 12:14:10.389 INFO [http-nio-8081-exec-12] org.apache.catalina.core.ApplicationContext.log Manager: list: Listing contexts for virtual host 'localhost'
29-Jul-2025 12:14:10.392 INFO [http-nio-8081-exec-30] org.apache.catalina.core.ApplicationContext.log Manager: undeploy: Undeploying web application at '/JSF'
29-Jul-2025 12:14:10.425 INFO [http-nio-8081-exec-26] org.apache.catalina.core.ApplicationContext.log Manager: list: Listing contexts for virtual host 'localhost'
29-Jul-2025 12:14:10.426 INFO [http-nio-8081-exec-12] org.apache.catalina.core.ApplicationContext.log Manager: list: Listing contexts for virtual host 'localhost'
29-Jul-2025 12:14:10.910 INFO [http-nio-8081-exec-24] org.apache.catalina.core.ApplicationContext.log Manager: undeploy: Undeploying web application at '/JSF'
29-Jul-2025 12:14:10.914 INFO [http-nio-8081-exec-2] org.apache.catalina.core.ApplicationContext.log Manager: install: Installing context configuration at 'file:/C:/Users/prampero/AppData/Local/Temp/context8095174824551741636.xml'
